  css_request_manager.cpp
d:\project_work\csf_library\csf_workspace\css\include\core\request\css_request_manager.hpp(64): error C2143: syntax error: missing ';' before '<'
d:\project_work\csf_library\csf_workspace\css\include\core\request\css_request_manager.hpp(64): error C2433: 'css::core::css_request_manager::csf_csfqueue': 'inline' not permitted on data declarations
d:\project_work\csf_library\csf_workspace\css\include\core\request\css_request_manager.hpp(64): error C4430: missing type specifier - int assumed. Note: C++ does not support default-int
d:\project_work\csf_library\csf_workspace\css\include\core\request\css_request_manager.hpp(64): error C2334: unexpected token(s) preceding '{'; skipping apparent function body
d:\project_work\csf_library\csf_workspace\css\include\core\request\css_request_manager.hpp(73): error C4430: missing type specifier - int assumed. Note: C++ does not support default-int
d:\project_work\csf_library\csf_workspace\css\include\core\request\css_request_manager.hpp(73): error C2143: syntax error: missing ',' before '<'
d:\project_work\csf_library\csf_workspace\css\include\core\request\css_request_manager.hpp(80): error C2065: 'css_semh_command': undeclared identifier
d:\project_work\csf_library\csf_workspace\css\include\core\request\css_request_manager.hpp(80): error C2065: 'css_semh_request_function': undeclared identifier
d:\project_work\csf_library\csf_workspace\css\include\core\request\css_request_manager.hpp(80): error C2923: 'std::map': 'css_semh_command' is not a valid template type argument for parameter '_Kty'
d:\project_work\csf_library\csf_workspace\css\include\core\request\css_request_manager.hpp(80): error C2923: 'std::map': 'css_semh_request_function' is not a valid template type argument for parameter '_Ty'
d:\project_work\csf_library\csf_workspace\css\include\core\request\css_request_manager.hpp(80): error C3203: 'less': unspecialized class template can't be used as a template argument for template parameter '_Pr', expected a real type
d:\program files (x86)\microsoft visual studio 14.0\vc\include\map(70): error C3203: 'pair': unspecialized class template can't be used as a template argument for template parameter '_Ty', expected a real type
d:\project_work\csf_library\csf_workspace\css\include\core\request\css_request_manager.hpp(93): error C2065: 'css_semh_command': undeclared identifier
d:\project_work\csf_library\csf_workspace\css\include\core\request\css_request_manager.hpp(93): error C2065: 'css_semh_request_function': undeclared identifier
d:\project_work\csf_library\csf_workspace\css\include\core\request\css_request_manager.hpp(93): error C2923: 'std::map': 'css_semh_command' is not a valid template type argument for parameter '_Kty'
d:\project_work\csf_library\csf_workspace\css\include\core\request\css_request_manager.hpp(93): error C2923: 'std::map': 'css_semh_request_function' is not a valid template type argument for parameter '_Ty'
d:\project_work\csf_library\csf_workspace\css\include\core\request\css_request_manager.hpp(93): error C3203: 'less': unspecialized class template can't be used as a template argument for template parameter '_Pr', expected a real type
d:\project_work\csf_library\csf_workspace\css\include\core\request\css_request_manager.hpp(102): error C2143: syntax error: missing ';' before '<'
d:\project_work\csf_library\csf_workspace\css\include\core\request\css_request_manager.hpp(102): error C4430: missing type specifier - int assumed. Note: C++ does not support default-int
d:\project_work\csf_library\csf_workspace\css\include\core\request\css_request_manager.hpp(102): error C2238: unexpected token(s) preceding ';'
d:\project_work\csf_library\csf_workspace\css\include\core\request\css_request_manager.hpp(106): error C2065: 'css_semh_command': undeclared identifier
d:\project_work\csf_library\csf_workspace\css\include\core\request\css_request_manager.hpp(106): error C2065: 'css_semh_request_function': undeclared identifier
d:\project_work\csf_library\csf_workspace\css\include\core\request\css_request_manager.hpp(106): error C2923: 'std::map': 'css_semh_command' is not a valid template type argument for parameter '_Kty'
d:\project_work\csf_library\csf_workspace\css\include\core\request\css_request_manager.hpp(106): error C2923: 'std::map': 'css_semh_request_function' is not a valid template type argument for parameter '_Ty'
d:\project_work\csf_library\csf_workspace\css\include\core\request\css_request_manager.hpp(106): error C3203: 'less': unspecialized class template can't be used as a template argument for template parameter '_Pr', expected a real type
d:\project_work\csf_library\csf_workspace\css\include\core\request\css_request_manager.hpp(75): error C2065: 'm_request_queue': undeclared identifier
d:\project_work\csf_library\csf_workspace\css\include\core\request\css_request_manager.hpp(75): error C2065: 'newVal': undeclared identifier
d:\project_work\csf_library\csf_workspace\css\include\core\request\css_request_manager.hpp(82): error C2440: 'return': cannot convert from 'std::map' to 'std::map'
  d:\project_work\csf_library\csf_workspace\css\include\core\request\css_request_manager.hpp(82): note: Cannot copy construct class 'std::map' due to ambiguous copy constructors or no available copy constructor
d:\project_work\csf_library\csf_workspace\css\include\core\request\css_request_manager.hpp(95): error C2678: binary '=': no operator found which takes a left-hand operand of type 'std::map' (or there is no acceptable conversion)
  d:\program files (x86)\microsoft visual studio 14.0\vc\include\map(329): note: could be 'std::map<_Kty,_Ty,_Pr,_Tree_base_types<_Traits::value_type,_Traits::allocator_type>::_Alloc> &std::map<_Kty,_Ty,_Pr,_Alloc>::operator =(std::initializer_list<_Tree<std::_Tmap_traits<_Kty,_Ty,_Pr,_Tree_base_types<_Traits::value_type,_Traits::allocator_type>::_Alloc,false>>::value_type>)'
  d:\program files (x86)\microsoft visual studio 14.0\vc\include\map(168): note: or       'std::map<_Kty,_Ty,_Pr,_Tree_base_types<_Traits::value_type,_Traits::allocator_type>::_Alloc> &std::map<_Kty,_Ty,_Pr,_Alloc>::operator =(std::map<_Kty,_Ty,_Pr,_Tree_base_types<_Traits::value_type,_Traits::allocator_type>::_Alloc> &&) noexcept(<expr>)'
  d:\program files (x86)\microsoft visual studio 14.0\vc\include\map(152): note: or       'std::map<_Kty,_Ty,_Pr,_Tree_base_types<_Traits::value_type,_Traits::allocator_type>::_Alloc> &std::map<_Kty,_Ty,_Pr,_Alloc>::operator =(const std::map<_Kty,_Ty,_Pr,_Tree_base_types<_Traits::value_type,_Traits::allocator_type>::_Alloc> &)'
  d:\project_work\csf_library\csf_workspace\css\include\core\request\css_request_manager.hpp(95): note: while trying to match the argument list '(std::map, const std::map)'
d:\project_work\csf_library\csf_workspace\css\include\core\request\css_request_manager.hpp(95): error C2582: 'operator =' function is unavailable in 'std::map'
d:\project_work\csf_library\csf_workspace\css\src\core\request\css_request_manager.cpp(26): error C2512: 'std::map': no appropriate default constructor available
  d:\program files (x86)\microsoft visual studio 14.0\vc\include\map(72): note: see declaration of 'std::map'
  css_memh_request.cpp
d:\project_work\csf_library\csf_workspace\css\include\core\request\css_memh_request.hpp(46): error C2143: syntax error: missing ';' before '*'
d:\project_work\csf_library\csf_workspace\css\include\core\request\css_memh_request.hpp(46): error C4430: missing type specifier - int assumed. Note: C++ does not support default-int
d:\project_work\csf_library\csf_workspace\css\include\core\request\css_memh_request.hpp(46): error C2238: unexpected token(s) preceding ';'
d:\project_work\csf_library\csf_workspace\css\include\core\request\css_memh_request.hpp(52): error C2061: syntax error: identifier 'gmp_gmph_memh_t'
d:\project_work\csf_library\csf_workspace\css\include\core\request\css_memh_request.hpp(58): error C2143: syntax error: missing ';' before '*'
d:\project_work\csf_library\csf_workspace\css\include\core\request\css_memh_request.hpp(58): error C4430: missing type specifier - int assumed. Note: C++ does not support default-int
d:\project_work\csf_library\csf_workspace\css\include\core\request\css_memh_request.hpp(58): error C2238: unexpected token(s) preceding ';'
d:\project_work\csf_library\csf_workspace\css\src\core\request\css_memh_request.cpp(27): error C2614: 'css::core::css_memh_request': illegal member initialization: 'm_memh' is not a base or member
d:\project_work\csf_library\csf_workspace\css\src\core\request\css_memh_request.cpp(44): error C2143: syntax error: missing ';' before '*'
d:\project_work\csf_library\csf_workspace\css\src\core\request\css_memh_request.cpp(44): error C4430: missing type specifier - int assumed. Note: C++ does not support default-int
d:\project_work\csf_library\csf_workspace\css\src\core\request\css_memh_request.cpp(44): error C2039: 'get_memh': is not a member of 'css::core::css_memh_request'
  d:\project_work\csf_library\csf_workspace\css\include\core\request\css_memh_request.hpp(36): note: see declaration of 'css::core::css_memh_request'
d:\project_work\csf_library\csf_workspace\css\src\core\request\css_memh_request.cpp(44): error C2059: syntax error: '{'
d:\project_work\csf_library\csf_workspace\css\src\core\request\css_memh_request.cpp(44): error C2143: syntax error: missing ';' before '{'
d:\project_work\csf_library\csf_workspace\css\src\core\request\css_memh_request.cpp(44): error C2447: '{': missing function header (old-style formal list?)
d:\project_work\csf_library\csf_workspace\css\src\core\request\css_memh_request.cpp(55): error C2065: 'newVal': undeclared identifier
d:\project_work\csf_library\csf_workspace\css\src\core\request\css_memh_request.cpp(55): error C2761: 'void css::core::css_memh_request::set_memh(void)': member function redeclaration not allowed
d:\project_work\csf_library\csf_workspace\css\src\core\request\css_memh_request.cpp(55): error C2448: 'css::core::css_memh_request::set_memh': function-style initializer appears to be a function definition
  css_media_source.cpp
d:\project_work\csf_library\csf_workspace\css\include\core\media\css_media_source.hpp(81): error C2039: 'css_media_source_type': is not a member of 'css::core'
  d:\project_work\csf_library\csf_workspace\css\include\core\media\css_media_source.hpp(26): note: see declaration of 'css::core'
d:\project_work\csf_library\csf_workspace\css\include\core\media\css_media_source.hpp(90): error C2039: 'css_media_source_type': is not a member of 'css::core'
  d:\project_work\csf_library\csf_workspace\css\include\core\media\css_media_source.hpp(26): note: see declaration of 'css::core'
d:\project_work\csf_library\csf_workspace\css\include\core\media\css_media_source.hpp(97): error C2039: 'css_media_source_subtype': is not a member of 'css::core'
  d:\project_work\csf_library\csf_workspace\css\include\core\media\css_media_source.hpp(26): note: see declaration of 'css::core'
d:\project_work\csf_library\csf_workspace\css\include\core\media\css_media_source.hpp(106): error C2039: 'css_media_source_subtype': is not a member of 'css::core'
  d:\project_work\csf_library\csf_workspace\css\include\core\media\css_media_source.hpp(26): note: see declaration of 'css::core'
d:\project_work\csf_library\csf_workspace\css\include\core\media\css_media_source.hpp(113): error C3646: 'get_id': unknown override specifier
d:\project_work\csf_library\csf_workspace\css\include\core\media\css_media_source.hpp(113): error C2059: syntax error: ')'
d:\project_work\csf_library\csf_workspace\css\include\core\media\css_media_source.hpp(113): error C2334: unexpected token(s) preceding '{'; skipping apparent function body
d:\project_work\csf_library\csf_workspace\css\include\core\media\css_media_source.hpp(122): error C4430: missing type specifier - int assumed. Note: C++ does not support default-int
d:\project_work\csf_library\csf_workspace\css\include\core\media\css_media_source.hpp(122): error C2146: syntax error: missing ')' before identifier 'newVal'
d:\project_work\csf_library\csf_workspace\css\include\core\media\css_media_source.hpp(122): error C3646: 'newVal': unknown override specifier
d:\project_work\csf_library\csf_workspace\css\include\core\media\css_media_source.hpp(122): error C2059: syntax error: ')'
d:\project_work\csf_library\csf_workspace\css\include\core\media\css_media_source.hpp(129): error C3646: 'get_name': unknown override specifier
d:\project_work\csf_library\csf_workspace\css\include\core\media\css_media_source.hpp(129): error C2059: syntax error: ')'
d:\project_work\csf_library\csf_workspace\css\include\core\media\css_media_source.hpp(129): error C2334: unexpected token(s) preceding '{'; skipping apparent function body
d:\project_work\csf_library\csf_workspace\css\include\core\media\css_media_source.hpp(138): error C4430: missing type specifier - int assumed. Note: C++ does not support default-int
d:\project_work\csf_library\csf_workspace\css\include\core\media\css_media_source.hpp(138): error C2146: syntax error: missing ')' before identifier 'newVal'
d:\project_work\csf_library\csf_workspace\css\include\core\media\css_media_source.hpp(138): error C3646: 'newVal': unknown override specifier
d:\project_work\csf_library\csf_workspace\css\include\core\media\css_media_source.hpp(138): error C2059: syntax error: ')'
d:\project_work\csf_library\csf_workspace\css\include\core\media\css_media_source.hpp(145): error C3646: 'get_url': unknown override specifier
d:\project_work\csf_library\csf_workspace\css\include\core\media\css_media_source.hpp(145): error C2059: syntax error: ')'
d:\project_work\csf_library\csf_workspace\css\include\core\media\css_media_source.hpp(145): error C2334: unexpected token(s) preceding '{'; skipping apparent function body
d:\project_work\csf_library\csf_workspace\css\include\core\media\css_media_source.hpp(154): error C4430: missing type specifier - int assumed. Note: C++ does not support default-int
d:\project_work\csf_library\csf_workspace\css\include\core\media\css_media_source.hpp(154): error C2146: syntax error: missing ')' before identifier 'newVal'
d:\project_work\csf_library\csf_workspace\css\include\core\media\css_media_source.hpp(154): error C3646: 'newVal': unknown override specifier
d:\project_work\csf_library\csf_workspace\css\include\core\media\css_media_source.hpp(154): error C2059: syntax error: ')'
d:\project_work\csf_library\csf_workspace\css\include\core\media\css_media_source.hpp(161): error C3646: 'get_description': unknown override specifier
d:\project_work\csf_library\csf_workspace\css\include\core\media\css_media_source.hpp(161): error C2059: syntax error: ')'
d:\project_work\csf_library\csf_workspace\css\include\core\media\css_media_source.hpp(161): error C2334: unexpected token(s) preceding '{'; skipping apparent function body
d:\project_work\csf_library\csf_workspace\css\include\core\media\css_media_source.hpp(170): error C4430: missing type specifier - int assumed. Note: C++ does not support default-int
d:\project_work\csf_library\csf_workspace\css\include\core\media\css_media_source.hpp(170): error C2146: syntax error: missing ')' before identifier 'newVal'
d:\project_work\csf_library\csf_workspace\css\include\core\media\css_media_source.hpp(170): error C3646: 'newVal': unknown override specifier
d:\project_work\csf_library\csf_workspace\css\include\core\media\css_media_source.hpp(170): error C2059: syntax error: ')'
d:\project_work\csf_library\csf_workspace\css\include\core\media\css_media_source.hpp(177): error C3646: 'get_decode_url': unknown override specifier
d:\project_work\csf_library\csf_workspace\css\include\core\media\css_media_source.hpp(177): error C2059: syntax error: ')'
d:\project_work\csf_library\csf_workspace\css\include\core\media\css_media_source.hpp(177): error C2334: unexpected token(s) preceding '{'; skipping apparent function body
d:\project_work\csf_library\csf_workspace\css\include\core\media\css_media_source.hpp(186): error C4430: missing type specifier - int assumed. Note: C++ does not support default-int
d:\project_work\csf_library\csf_workspace\css\include\core\media\css_media_source.hpp(186): error C2146: syntax error: missing ')' before identifier 'newVal'
d:\project_work\csf_library\csf_workspace\css\include\core\media\css_media_source.hpp(186): error C3646: 'newVal': unknown override specifier
d:\project_work\csf_library\csf_workspace\css\include\core\media\css_media_source.hpp(186): error C2059: syntax error: ')'
d:\project_work\csf_library\csf_workspace\css\include\core\media\css_media_source.hpp(193): error C3646: 'get_parent': unknown override specifier
d:\project_work\csf_library\csf_workspace\css\include\core\media\css_media_source.hpp(193): error C2059: syntax error: ')'
d:\project_work\csf_library\csf_workspace\css\include\core\media\css_media_source.hpp(193): error C2334: unexpected token(s) preceding '{'; skipping apparent function body
d:\project_work\csf_library\csf_workspace\css\include\core\media\css_media_source.hpp(202): error C4430: missing type specifier - int assumed. Note: C++ does not support default-int
d:\project_work\csf_library\csf_workspace\css\include\core\media\css_media_source.hpp(202): error C2146: syntax error: missing ')' before identifier 'newVal'
d:\project_work\csf_library\csf_workspace\css\include\core\media\css_media_source.hpp(202): error C3646: 'newVal': unknown override specifier
d:\project_work\csf_library\csf_workspace\css\include\core\media\css_media_source.hpp(202): error C2059: syntax error: ')'
d:\project_work\csf_library\csf_workspace\css\include\core\media\css_media_source.hpp(211): error C2039: 'css_media_source_type': is not a member of 'css::core'
  d:\project_work\csf_library\csf_workspace\css\include\core\media\css_media_source.hpp(26): note: see declaration of 'css::core'
d:\project_work\csf_library\csf_workspace\css\include\core\media\css_media_source.hpp(215): error C2039: 'css_media_source_subtype': is not a member of 'css::core'
  d:\project_work\csf_library\csf_workspace\css\include\core\media\css_media_source.hpp(26): note: see declaration of 'css::core'
d:\project_work\csf_library\csf_workspace\css\include\core\media\css_media_source.hpp(219): error C3646: 'm_id': unknown override specifier
d:\project_work\csf_library\csf_workspace\css\include\core\media\css_media_source.hpp(219): error C2059: syntax error: '='
d:\project_work\csf_library\csf_workspace\css\include\core\media\css_media_source.hpp(219): error C2238: unexpected token(s) preceding ';'
d:\project_work\csf_library\csf_workspace\css\include\core\media\css_media_source.hpp(223): error C3646: 'm_name': unknown override specifier
d:\project_work\csf_library\csf_workspace\css\include\core\media\css_media_source.hpp(223): error C2059: syntax error: '='
d:\project_work\csf_library\csf_workspace\css\include\core\media\css_media_source.hpp(223): error C2238: unexpected token(s) preceding ';'
d:\project_work\csf_library\csf_workspace\css\include\core\media\css_media_source.hpp(227): error C3646: 'm_url': unknown override specifier
d:\project_work\csf_library\csf_workspace\css\include\core\media\css_media_source.hpp(227): error C2059: syntax error: '='
d:\project_work\csf_library\csf_workspace\css\include\core\media\css_media_source.hpp(227): error C2238: unexpected token(s) preceding ';'
d:\project_work\csf_library\csf_workspace\css\include\core\media\css_media_source.hpp(231): error C3646: 'm_description': unknown override specifier
d:\project_work\csf_library\csf_workspace\css\include\core\media\css_media_source.hpp(231): error C2059: syntax error: '='
d:\project_work\csf_library\csf_workspace\css\include\core\media\css_media_source.hpp(231): error C2238: unexpected token(s) preceding ';'
d:\project_work\csf_library\csf_workspace\css\include\core\media\css_media_source.hpp(235): error C3646: 'm_decode_url': unknown override specifier
d:\project_work\csf_library\csf_workspace\css\include\core\media\css_media_source.hpp(235): error C2059: syntax error: '='
d:\project_work\csf_library\csf_workspace\css\include\core\media\css_media_source.hpp(235): error C2238: unexpected token(s) preceding ';'
d:\project_work\csf_library\csf_workspace\css\include\core\media\css_media_source.hpp(239): error C3646: 'm_parent': unknown override specifier
d:\project_work\csf_library\csf_workspace\css\include\core\media\css_media_source.hpp(239): error C2059: syntax error: '='
d:\project_work\csf_library\csf_workspace\css\include\core\media\css_media_source.hpp(239): error C2238: unexpected token(s) preceding ';'
d:\project_work\csf_library\csf_workspace\css\include\core\media\css_media_source.hpp(124): error C2065: 'm_id': undeclared identifier
d:\project_work\csf_library\csf_workspace\css\include\core\media\css_media_source.hpp(124): error C2065: 'newVal': undeclared identifier
d:\project_work\csf_library\csf_workspace\css\include\core\media\css_media_source.hpp(140): error C2065: 'm_name': undeclared identifier
d:\project_work\csf_library\csf_workspace\css\include\core\media\css_media_source.hpp(140): error C2065: 'newVal': undeclared identifier
d:\project_work\csf_library\csf_workspace\css\include\core\media\css_media_source.hpp(156): error C2065: 'm_url': undeclared identifier
d:\project_work\csf_library\csf_workspace\css\include\core\media\css_media_source.hpp(156): error C2065: 'newVal': undeclared identifier
d:\project_work\csf_library\csf_workspace\css\include\core\media\css_media_source.hpp(172): error C2065: 'm_description': undeclared identifier
d:\project_work\csf_library\csf_workspace\css\include\core\media\css_media_source.hpp(172): error C2065: 'newVal': undeclared identifier
d:\project_work\csf_library\csf_workspace\css\include\core\media\css_media_source.hpp(188): error C2065: 'm_decode_url': undeclared identifier
d:\project_work\csf_library\csf_workspace\css\include\core\media\css_media_source.hpp(188): error C2065: 'newVal': undeclared identifier
d:\project_work\csf_library\csf_workspace\css\include\core\media\css_media_source.hpp(204): error C2065: 'm_parent': undeclared identifier
d:\project_work\csf_library\csf_workspace\css\include\core\media\css_media_source.hpp(204): error C2065: 'newVal': undeclared identifier
d:\project_work\csf_library\csf_workspace\css\src\core\media\css_media_source.cpp(27): error C2065: 'css_media_source_type_none': undeclared identifier
d:\project_work\csf_library\csf_workspace\css\src\core\media\css_media_source.cpp(28): error C2065: 'css_media_source_subtype_none': undeclared identifier
d:\project_work\csf_library\csf_workspace\css\src\core\media\css_media_source.cpp(34): error C2614: 'css::core::css_media_source': illegal member initialization: 'm_id' is not a base or member
d:\project_work\csf_library\csf_workspace\css\src\core\media\css_media_source.cpp(34): error C2614: 'css::core::css_media_source': illegal member initialization: 'm_name' is not a base or member
d:\project_work\csf_library\csf_workspace\css\src\core\media\css_media_source.cpp(34): error C2614: 'css::core::css_media_source': illegal member initialization: 'm_url' is not a base or member
d:\project_work\csf_library\csf_workspace\css\src\core\media\css_media_source.cpp(34): error C2614: 'css::core::css_media_source': illegal member initialization: 'm_description' is not a base or member
d:\project_work\csf_library\csf_workspace\css\src\core\media\css_media_source.cpp(34): error C2614: 'css::core::css_media_source': illegal member initialization: 'm_decode_url' is not a base or member
d:\project_work\csf_library\csf_workspace\css\src\core\media\css_media_source.cpp(34): error C2614: 'css::core::css_media_source': illegal member initialization: 'm_parent' is not a base or member
  css_server.cpp
d:\project_work\csf_library\csf_workspace\css\include\core\css_server.hpp(24): fatal error C1083: Cannot open include file: 'csf_message_manager.hpp': No such file or directory
  css_device_io.cpp
d:\project_work\csf_library\csf_workspace\css\include\core\css_device_io.hpp(24): fatal error C1083: Cannot open include file: 'csf_message_callback.hpp': No such file or directory
  css_device.cpp
d:\project_work\csf_library\csf_workspace\css\include\core\css_device.hpp(24): fatal error C1083: Cannot open include file: 'csf_tcp_connect.hpp': No such file or directory
  css_app.cpp
d:\project_work\csf_library\csf_workspace\css\include\core\css_app.hpp(24): fatal error C1083: Cannot open include file: 'csf_message_manager.hpp': No such file or directory
  css_update.cpp
d:\project_work\csf_library\csf_workspace\css\include\core\base\css_update.hpp(46): error C2039: 'css_device_type': is not a member of 'css::core'
  d:\project_work\csf_library\csf_workspace\css\include\core\base\css_update.hpp(28): note: see declaration of 'css::core'
d:\project_work\csf_library\csf_workspace\css\include\core\base\css_update.hpp(46): error C3646: 'get_type': unknown override specifier
d:\project_work\csf_library\csf_workspace\css\include\core\base\css_update.hpp(46): error C2059: syntax error: ')'
d:\project_work\csf_library\csf_workspace\css\include\core\base\css_update.hpp(46): error C2334: unexpected token(s) preceding '{'; skipping apparent function body
d:\project_work\csf_library\csf_workspace\css\include\core\base\css_update.hpp(55): error C3646: 'set_type': unknown override specifier
d:\project_work\csf_library\csf_workspace\css\include\core\base\css_update.hpp(55): error C2059: syntax error: 'const'
d:\project_work\csf_library\csf_workspace\css\include\core\base\css_update.hpp(55): error C2039: 'css_device_type': is not a member of 'css::core'
  d:\project_work\csf_library\csf_workspace\css\include\core\base\css_update.hpp(28): note: see declaration of 'css::core'
d:\project_work\csf_library\csf_workspace\css\include\core\base\css_update.hpp(55): error C2334: unexpected token(s) preceding '{'; skipping apparent function body
d:\project_work\csf_library\csf_workspace\css\include\core\base\css_update.hpp(62): error C3646: 'get_packet_type': unknown override specifier
d:\project_work\csf_library\csf_workspace\css\include\core\base\css_update.hpp(62): error C2059: syntax error: ')'
d:\project_work\csf_library\csf_workspace\css\include\core\base\css_update.hpp(62): error C2334: unexpected token(s) preceding '{'; skipping apparent function body
d:\project_work\csf_library\csf_workspace\css\include\core\base\css_update.hpp(71): error C3646: 'set_packet_type': unknown override specifier
d:\project_work\csf_library\csf_workspace\css\include\core\base\css_update.hpp(71): error C2059: syntax error: 'const'
d:\project_work\csf_library\csf_workspace\css\include\core\base\css_update.hpp(71): error C2334: unexpected token(s) preceding '{'; skipping apparent function body
d:\project_work\csf_library\csf_workspace\css\include\core\base\css_update.hpp(78): error C2039: 'css_device_type': is not a member of 'css::core'
  d:\project_work\csf_library\csf_workspace\css\include\core\base\css_update.hpp(28): note: see declaration of 'css::core'
d:\project_work\csf_library\csf_workspace\css\include\core\base\css_update.hpp(78): error C3646: 'get_device_type': unknown override specifier
d:\project_work\csf_library\csf_workspace\css\include\core\base\css_update.hpp(78): error C2059: syntax error: ')'
d:\project_work\csf_library\csf_workspace\css\include\core\base\css_update.hpp(78): error C2334: unexpected token(s) preceding '{'; skipping apparent function body
d:\project_work\csf_library\csf_workspace\css\include\core\base\css_update.hpp(87): error C3646: 'set_device_type': unknown override specifier
d:\project_work\csf_library\csf_workspace\css\include\core\base\css_update.hpp(87): error C2059: syntax error: 'const'
d:\project_work\csf_library\csf_workspace\css\include\core\base\css_update.hpp(87): error C2039: 'css_device_type': is not a member of 'css::core'
  d:\project_work\csf_library\csf_workspace\css\include\core\base\css_update.hpp(28): note: see declaration of 'css::core'
d:\project_work\csf_library\csf_workspace\css\include\core\base\css_update.hpp(87): error C2334: unexpected token(s) preceding '{'; skipping apparent function body
d:\project_work\csf_library\csf_workspace\css\include\core\base\css_update.hpp(103): error C3646: 'set_program_file': unknown override specifier
d:\project_work\csf_library\csf_workspace\css\include\core\base\css_update.hpp(103): error C2059: syntax error: 'const'
d:\project_work\csf_library\csf_workspace\css\include\core\base\css_update.hpp(103): error C2334: unexpected token(s) preceding '{'; skipping apparent function body
d:\project_work\csf_library\csf_workspace\css\include\core\base\css_update.hpp(119): error C3646: 'set_file_data': unknown override specifier
d:\project_work\csf_library\csf_workspace\css\include\core\base\css_update.hpp(119): error C2059: syntax error: 'const'
d:\project_work\csf_library\csf_workspace\css\include\core\base\css_update.hpp(119): error C2334: unexpected token(s) preceding '{'; skipping apparent function body
d:\project_work\csf_library\csf_workspace\css\include\core\base\css_update.hpp(126): error C3646: 'get_operation_flag': unknown override specifier
d:\project_work\csf_library\csf_workspace\css\include\core\base\css_update.hpp(126): error C2059: syntax error: ')'
d:\project_work\csf_library\csf_workspace\css\include\core\base\css_update.hpp(126): error C2334: unexpected token(s) preceding '{'; skipping apparent function body
d:\project_work\csf_library\csf_workspace\css\include\core\base\css_update.hpp(135): error C3646: 'set_operation_flag': unknown override specifier
d:\project_work\csf_library\csf_workspace\css\include\core\base\css_update.hpp(135): error C2059: syntax error: 'const'
d:\project_work\csf_library\csf_workspace\css\include\core\base\css_update.hpp(135): error C2334: unexpected token(s) preceding '{'; skipping apparent function body
d:\project_work\csf_library\csf_workspace\css\include\core\base\css_update.hpp(142): error C3646: 'get_version': unknown override specifier
d:\project_work\csf_library\csf_workspace\css\include\core\base\css_update.hpp(142): error C2059: syntax error: ')'
d:\project_work\csf_library\csf_workspace\css\include\core\base\css_update.hpp(142): error C2334: unexpected token(s) preceding '{'; skipping apparent function body
d:\project_work\csf_library\csf_workspace\css\include\core\base\css_update.hpp(151): error C3646: 'set_version': unknown override specifier
d:\project_work\csf_library\csf_workspace\css\include\core\base\css_update.hpp(151): error C2059: syntax error: 'const'
d:\project_work\csf_library\csf_workspace\css\include\core\base\css_update.hpp(151): error C2334: unexpected token(s) preceding '{'; skipping apparent function body
d:\project_work\csf_library\csf_workspace\css\include\core\base\css_update.hpp(159): error C3646: 'get_is_update_conf_file': unknown override specifier
d:\project_work\csf_library\csf_workspace\css\include\core\base\css_update.hpp(159): error C2059: syntax error: ')'
d:\project_work\csf_library\csf_workspace\css\include\core\base\css_update.hpp(159): error C2334: unexpected token(s) preceding '{'; skipping apparent function body
d:\project_work\csf_library\csf_workspace\css\include\core\base\css_update.hpp(169): error C3646: 'set_is_update_conf_file': unknown override specifier
d:\project_work\csf_library\csf_workspace\css\include\core\base\css_update.hpp(169): error C2059: syntax error: 'const'
d:\project_work\csf_library\csf_workspace\css\include\core\base\css_update.hpp(169): error C2334: unexpected token(s) preceding '{'; skipping apparent function body
d:\project_work\csf_library\csf_workspace\css\include\core\base\css_update.hpp(177): error C3646: 'get_is_update_data_file': unknown override specifier
d:\project_work\csf_library\csf_workspace\css\include\core\base\css_update.hpp(177): error C2059: syntax error: ')'
d:\project_work\csf_library\csf_workspace\css\include\core\base\css_update.hpp(177): error C2334: unexpected token(s) preceding '{'; skipping apparent function body
d:\project_work\csf_library\csf_workspace\css\include\core\base\css_update.hpp(187): error C3646: 'set_is_update_data_file': unknown override specifier
d:\project_work\csf_library\csf_workspace\css\include\core\base\css_update.hpp(187): error C2059: syntax error: 'const'
d:\project_work\csf_library\csf_workspace\css\include\core\base\css_update.hpp(187): error C2334: unexpected token(s) preceding '{'; skipping apparent function body
d:\project_work\csf_library\csf_workspace\css\include\core\base\css_update.hpp(194): error C3646: 'get_time': unknown override specifier
d:\project_work\csf_library\csf_workspace\css\include\core\base\css_update.hpp(194): error C2059: syntax error: ')'
d:\project_work\csf_library\csf_workspace\css\include\core\base\css_update.hpp(194): error C2334: unexpected token(s) preceding '{'; skipping apparent function body
d:\project_work\csf_library\csf_workspace\css\include\core\base\css_update.hpp(203): error C3646: 'set_time': unknown override specifier
d:\project_work\csf_library\csf_workspace\css\include\core\base\css_update.hpp(203): error C2059: syntax error: 'const'
d:\project_work\csf_library\csf_workspace\css\include\core\base\css_update.hpp(203): error C2334: unexpected token(s) preceding '{'; skipping apparent function body
d:\project_work\csf_library\csf_workspace\css\include\core\base\css_update.hpp(210): error C2143: syntax error: missing ';' before '&'
d:\project_work\csf_library\csf_workspace\css\include\core\base\css_update.hpp(210): error C2433: 'css::core::css_update::csf_string': 'inline' not permitted on data declarations
d:\project_work\csf_library\csf_workspace\css\include\core\base\css_update.hpp(210): error C4430: missing type specifier - int assumed. Note: C++ does not support default-int
d:\project_work\csf_library\csf_workspace\css\include\core\base\css_update.hpp(210): error C2334: unexpected token(s) preceding '{'; skipping apparent function body
d:\project_work\csf_library\csf_workspace\css\include\core\base\css_update.hpp(219): error C3646: 'set_device_id': unknown override specifier
d:\project_work\csf_library\csf_workspace\css\include\core\base\css_update.hpp(219): error C2059: syntax error: 'const'
d:\project_work\csf_library\csf_workspace\css\include\core\base\css_update.hpp(219): error C2334: unexpected token(s) preceding '{'; skipping apparent function body
d:\project_work\csf_library\csf_workspace\css\include\core\base\css_update.hpp(226): error C2143: syntax error: missing ';' before '&'
d:\project_work\csf_library\csf_workspace\css\include\core\base\css_update.hpp(226): error C2433: 'css::core::css_update::csf_string': 'inline' not permitted on data declarations
d:\project_work\csf_library\csf_workspace\css\include\core\base\css_update.hpp(226): error C4430: missing type specifier - int assumed. Note: C++ does not support default-int
d:\project_work\csf_library\csf_workspace\css\include\core\base\css_update.hpp(226): error C2334: unexpected token(s) preceding '{'; skipping apparent function body
d:\project_work\csf_library\csf_workspace\css\include\core\base\css_update.hpp(235): error C3646: 'set_packet_name': unknown override specifier
d:\project_work\csf_library\csf_workspace\css\include\core\base\css_update.hpp(235): error C2059: syntax error: 'const'
d:\project_work\csf_library\csf_workspace\css\include\core\base\css_update.hpp(235): error C2334: unexpected token(s) preceding '{'; skipping apparent function body
d:\project_work\csf_library\csf_workspace\css\include\core\base\css_update.hpp(242): error C2143: syntax error: missing ';' before '&'
d:\project_work\csf_library\csf_workspace\css\include\core\base\css_update.hpp(242): error C2433: 'css::core::css_update::csf_string': 'inline' not permitted on data declarations
d:\project_work\csf_library\csf_workspace\css\include\core\base\css_update.hpp(242): error C4430: missing type specifier - int assumed. Note: C++ does not support default-int
d:\project_work\csf_library\csf_workspace\css\include\core\base\css_update.hpp(242): error C2334: unexpected token(s) preceding '{'; skipping apparent function body
d:\project_work\csf_library\csf_workspace\css\include\core\base\css_update.hpp(251): error C3646: 'set_change_log': unknown override specifier
d:\project_work\csf_library\csf_workspace\css\include\core\base\css_update.hpp(251): error C2059: syntax error: 'const'
d:\project_work\csf_library\csf_workspace\css\include\core\base\css_update.hpp(251): error C2334: unexpected token(s) preceding '{'; skipping apparent function body
d:\project_work\csf_library\csf_workspace\css\include\core\base\css_update.hpp(258): error C2143: syntax error: missing ';' before '&'
d:\project_work\csf_library\csf_workspace\css\include\core\base\css_update.hpp(258): error C2433: 'css::core::css_update::csf_string': 'inline' not permitted on data declarations
d:\project_work\csf_library\csf_workspace\css\include\core\base\css_update.hpp(258): error C4430: missing type specifier - int assumed. Note: C++ does not support default-int
d:\project_work\csf_library\csf_workspace\css\include\core\base\css_update.hpp(258): error C2334: unexpected token(s) preceding '{'; skipping apparent function body
d:\project_work\csf_library\csf_workspace\css\include\core\base\css_update.hpp(267): error C3646: 'set_platform_hardware': unknown override specifier
d:\project_work\csf_library\csf_workspace\css\include\core\base\css_update.hpp(267): error C2059: syntax error: 'const'
d:\project_work\csf_library\csf_workspace\css\include\core\base\css_update.hpp(267): error C2334: unexpected token(s) preceding '{'; skipping apparent function body
d:\project_work\csf_library\csf_workspace\css\include\core\base\css_update.hpp(274): error C2143: syntax error: missing ';' before '&'
d:\project_work\csf_library\csf_workspace\css\include\core\base\css_update.hpp(274): error C2433: 'css::core::css_update::csf_string': 'inline' not permitted on data declarations
d:\project_work\csf_library\csf_workspace\css\include\core\base\css_update.hpp(274): error C4430: missing type specifier - int assumed. Note: C++ does not support default-int
d:\project_work\csf_library\csf_workspace\css\include\core\base\css_update.hpp(274): error C2334: unexpected token(s) preceding '{'; skipping apparent function body
d:\project_work\csf_library\csf_workspace\css\include\core\base\css_update.hpp(283): error C3646: 'set_platform_software': unknown override specifier
d:\project_work\csf_library\csf_workspace\css\include\core\base\css_update.hpp(283): error C2059: syntax error: 'const'
d:\project_work\csf_library\csf_workspace\css\include\core\base\css_update.hpp(283): error C2334: unexpected token(s) preceding '{'; skipping apparent function body
d:\project_work\csf_library\csf_workspace\css\include\core\base\css_update.hpp(290): error C2143: syntax error: missing ';' before '&'
d:\project_work\csf_library\csf_workspace\css\include\core\base\css_update.hpp(290): error C2433: 'css::core::css_update::csf_string': 'inline' not permitted on data declarations
d:\project_work\csf_library\csf_workspace\css\include\core\base\css_update.hpp(290): error C4430: missing type specifier - int assumed. Note: C++ does not support default-int
d:\project_work\csf_library\csf_workspace\css\include\core\base\css_update.hpp(290): error C2334: unexpected token(s) preceding '{'; skipping apparent function body
d:\project_work\csf_library\csf_workspace\css\include\core\base\css_update.hpp(299): error C3646: 'set_serial_master': unknown override specifier
d:\project_work\csf_library\csf_workspace\css\include\core\base\css_update.hpp(299): error C2059: syntax error: 'const'
d:\project_work\csf_library\csf_workspace\css\include\core\base\css_update.hpp(299): error C2334: unexpected token(s) preceding '{'; skipping apparent function body
d:\project_work\csf_library\csf_workspace\css\include\core\base\css_update.hpp(306): error C2143: syntax error: missing ';' before '&'
d:\project_work\csf_library\csf_workspace\css\include\core\base\css_update.hpp(306): error C2433: 'css::core::css_update::csf_string': 'inline' not permitted on data declarations
d:\project_work\csf_library\csf_workspace\css\include\core\base\css_update.hpp(306): error C4430: missing type specifier - int assumed. Note: C++ does not support default-int
d:\project_work\csf_library\csf_workspace\css\include\core\base\css_update.hpp(306): error C2334: unexpected token(s) preceding '{'; skipping apparent function body
d:\project_work\csf_library\csf_workspace\css\include\core\base\css_update.hpp(315): error C3646: 'set_serial_slave': unknown override specifier
d:\project_work\csf_library\csf_workspace\css\include\core\base\css_update.hpp(315): error C2059: syntax error: 'const'
d:\project_work\csf_library\csf_workspace\css\include\core\base\css_update.hpp(315): error C2334: unexpected token(s) preceding '{'; skipping apparent function body
d:\project_work\csf_library\csf_workspace\css\include\core\base\css_update.hpp(324): error C2039: 'css_device_type': is not a member of 'css::core'
  d:\project_work\csf_library\csf_workspace\css\include\core\base\css_update.hpp(28): note: see declaration of 'css::core'
d:\project_work\csf_library\csf_workspace\css\include\core\base\css_update.hpp(324): fatal error C1003: error count exceeds 100; stopping compilation
  css_serializer.cpp
d:\project_work\csf_library\csf_workspace\css\include\core\base\css_serializer_interface.hpp(55): error C3646: 'deserialize': unknown override specifier
d:\project_work\csf_library\csf_workspace\css\include\core\base\css_serializer_interface.hpp(55): error C2059: syntax error: 'const'
d:\project_work\csf_library\csf_workspace\css\include\core\base\css_serializer_interface.hpp(55): error C2238: unexpected token(s) preceding ';'
d:\project_work\csf_library\csf_workspace\css\include\core\base\css_serializer_interface.hpp(64): error C2143: syntax error: missing ';' before '*'
d:\project_work\csf_library\csf_workspace\css\include\core\base\css_serializer_interface.hpp(64): error C2433: 'css::core::css_serializer_interface::gmp_gmdu_t': 'virtual' not permitted on data declarations
d:\project_work\csf_library\csf_workspace\css\include\core\base\css_serializer_interface.hpp(64): error C4430: missing type specifier - int assumed. Note: C++ does not support default-int
d:\project_work\csf_library\csf_workspace\css\include\core\base\css_serializer_interface.hpp(64): error C2238: unexpected token(s) preceding ';'
d:\project_work\csf_library\csf_workspace\css\include\core\base\css_serializer.hpp(51): error C3646: 'serialize': unknown override specifier
d:\project_work\csf_library\csf_workspace\css\include\core\base\css_serializer.hpp(51): error C2059: syntax error: 'const'
d:\project_work\csf_library\csf_workspace\css\include\core\base\css_serializer.hpp(51): error C2238: unexpected token(s) preceding ';'
d:\project_work\csf_library\csf_workspace\css\include\core\base\css_serializer.hpp(61): error C3646: 'deserialize': unknown override specifier
d:\project_work\csf_library\csf_workspace\css\include\core\base\css_serializer.hpp(61): error C2065: 'T': undeclared identifier
d:\project_work\csf_library\csf_workspace\css\include\core\base\css_serializer.hpp(61): error C2065: 'dest': undeclared identifier
d:\project_work\csf_library\csf_workspace\css\include\core\base\css_serializer.hpp(61): error C2059: syntax error: 'const'
d:\project_work\csf_library\csf_workspace\css\include\core\base\css_serializer.hpp(61): error C2238: unexpected token(s) preceding ';'
d:\project_work\csf_library\csf_workspace\css\include\core\base\css_serializer.hpp(70): error C2143: syntax error: missing ';' before '*'
d:\project_work\csf_library\csf_workspace\css\include\core\base\css_serializer.hpp(70): error C2433: 'css::core::css_serializer::gmp_gmdu_t': 'virtual' not permitted on data declarations
d:\project_work\csf_library\csf_workspace\css\include\core\base\css_serializer.hpp(70): error C4430: missing type specifier - int assumed. Note: C++ does not support default-int
d:\project_work\csf_library\csf_workspace\css\include\core\base\css_serializer.hpp(70): error C2238: unexpected token(s) preceding ';'
d:\project_work\csf_library\csf_workspace\css\src\core\base\css_serializer.cpp(48): error C2039: 'serialize': is not a member of 'css::core::css_serializer'
  d:\project_work\csf_library\csf_workspace\css\include\core\base\css_serializer.hpp(36): note: see declaration of 'css::core::css_serializer'
d:\project_work\csf_library\csf_workspace\css\src\core\base\css_serializer.cpp(48): error C4430: missing type specifier - int assumed. Note: C++ does not support default-int
d:\project_work\csf_library\csf_workspace\css\src\core\base\css_serializer.cpp(48): error C2146: syntax error: missing ';' before identifier 'serialize'
d:\project_work\csf_library\csf_workspace\css\src\core\base\css_serializer.cpp(48): error C2143: syntax error: missing ';' before '{'
d:\project_work\csf_library\csf_workspace\css\src\core\base\css_serializer.cpp(48): error C2447: '{': missing function header (old-style formal list?)
d:\project_work\csf_library\csf_workspace\css\src\core\base\css_serializer.cpp(63): error C2039: 'deserialize': is not a member of 'css::core::css_serializer'
  d:\project_work\csf_library\csf_workspace\css\include\core\base\css_serializer.hpp(36): note: see declaration of 'css::core::css_serializer'
d:\project_work\csf_library\csf_workspace\css\src\core\base\css_serializer.cpp(63): error C4430: missing type specifier - int assumed. Note: C++ does not support default-int
d:\project_work\csf_library\csf_workspace\css\src\core\base\css_serializer.cpp(63): error C2086: 'int csf_int32': redefinition
  d:\project_work\csf_library\csf_workspace\css\src\core\base\css_serializer.cpp(48): note: see declaration of 'csf_int32'
d:\project_work\csf_library\csf_workspace\css\src\core\base\css_serializer.cpp(63): error C2146: syntax error: missing ';' before identifier 'deserialize'
d:\project_work\csf_library\csf_workspace\css\src\core\base\css_serializer.cpp(63): error C2143: syntax error: missing ';' before '{'
d:\project_work\csf_library\csf_workspace\css\src\core\base\css_serializer.cpp(63): error C2447: '{': missing function header (old-style formal list?)
d:\project_work\csf_library\csf_workspace\css\src\core\base\css_serializer.cpp(77): error C2143: syntax error: missing ';' before '*'
d:\project_work\csf_library\csf_workspace\css\src\core\base\css_serializer.cpp(77): error C4430: missing type specifier - int assumed. Note: C++ does not support default-int
d:\project_work\csf_library\csf_workspace\css\src\core\base\css_serializer.cpp(77): error C2039: 'serialize': is not a member of 'css::core::css_serializer'
  d:\project_work\csf_library\csf_workspace\css\include\core\base\css_serializer.hpp(36): note: see declaration of 'css::core::css_serializer'
d:\project_work\csf_library\csf_workspace\css\src\core\base\css_serializer.cpp(77): error C2143: syntax error: missing ',' before '&'
d:\project_work\csf_library\csf_workspace\css\src\core\base\css_serializer.cpp(77): error C2059: syntax error: '{'
d:\project_work\csf_library\csf_workspace\css\src\core\base\css_serializer.cpp(77): error C2143: syntax error: missing ';' before '{'
d:\project_work\csf_library\csf_workspace\css\src\core\base\css_serializer.cpp(77): error C2447: '{': missing function header (old-style formal list?)
  css_return.cpp
d:\project_work\csf_library\csf_workspace\css\include\core\base\css_id.hpp(44): error C3646: 'get_value': unknown override specifier
d:\project_work\csf_library\csf_workspace\css\include\core\base\css_id.hpp(44): error C2059: syntax error: ')'
d:\project_work\csf_library\csf_workspace\css\include\core\base\css_id.hpp(44): error C2334: unexpected token(s) preceding '{'; skipping apparent function body
d:\project_work\csf_library\csf_workspace\css\include\core\base\css_id.hpp(53): error C3646: 'set_value': unknown override specifier
d:\project_work\csf_library\csf_workspace\css\include\core\base\css_id.hpp(53): error C2059: syntax error: 'const'
d:\project_work\csf_library\csf_workspace\css\include\core\base\css_id.hpp(53): error C2334: unexpected token(s) preceding '{'; skipping apparent function body
d:\project_work\csf_library\csf_workspace\css\include\core\base\css_id.hpp(60): error C3646: 'get_guid': unknown override specifier
d:\project_work\csf_library\csf_workspace\css\include\core\base\css_id.hpp(60): error C2059: syntax error: ')'
d:\project_work\csf_library\csf_workspace\css\include\core\base\css_id.hpp(60): error C2334: unexpected token(s) preceding '{'; skipping apparent function body
d:\project_work\csf_library\csf_workspace\css\include\core\base\css_id.hpp(69): error C3646: 'set_guid': unknown override specifier
d:\project_work\csf_library\csf_workspace\css\include\core\base\css_id.hpp(69): error C2059: syntax error: 'const'
d:\project_work\csf_library\csf_workspace\css\include\core\base\css_id.hpp(69): error C2334: unexpected token(s) preceding '{'; skipping apparent function body
d:\project_work\csf_library\csf_workspace\css\include\core\base\css_id.hpp(79): error C3646: 'parse': unknown override specifier
d:\project_work\csf_library\csf_workspace\css\include\core\base\css_id.hpp(79): error C2059: syntax error: '('
d:\project_work\csf_library\csf_workspace\css\include\core\base\css_id.hpp(79): error C2238: unexpected token(s) preceding ';'
d:\project_work\csf_library\csf_workspace\css\include\core\base\css_id.hpp(86): error C3646: 'parse': unknown override specifier
d:\project_work\csf_library\csf_workspace\css\include\core\base\css_id.hpp(86): error C2059: syntax error: '('
d:\project_work\csf_library\csf_workspace\css\include\core\base\css_id.hpp(86): error C2238: unexpected token(s) preceding ';'
d:\project_work\csf_library\csf_workspace\css\include\core\base\css_id.hpp(93): error C3646: 'make': unknown override specifier
d:\project_work\csf_library\csf_workspace\css\include\core\base\css_id.hpp(93): error C2059: syntax error: '('
d:\project_work\csf_library\csf_workspace\css\include\core\base\css_id.hpp(93): error C2238: unexpected token(s) preceding ';'
d:\project_work\csf_library\csf_workspace\css\include\core\base\css_id.hpp(100): error C3646: 'make': unknown override specifier
d:\project_work\csf_library\csf_workspace\css\include\core\base\css_id.hpp(100): error C2059: syntax error: '('
d:\project_work\csf_library\csf_workspace\css\include\core\base\css_id.hpp(100): error C2238: unexpected token(s) preceding ';'
d:\project_work\csf_library\csf_workspace\css\include\core\base\css_id.hpp(106): error C3646: 'make': unknown override specifier
d:\project_work\csf_library\csf_workspace\css\include\core\base\css_id.hpp(106): error C2059: syntax error: '('
d:\project_work\csf_library\csf_workspace\css\include\core\base\css_id.hpp(106): error C2238: unexpected token(s) preceding ';'
d:\project_work\csf_library\csf_workspace\css\include\core\base\css_id.hpp(110): error C2143: syntax error: missing ';' before '<'
d:\project_work\csf_library\csf_workspace\css\include\core\base\css_id.hpp(110): error C2433: 'css::core::css_id::csf_vertor': 'inline' not permitted on data declarations
d:\project_work\csf_library\csf_workspace\css\include\core\base\css_id.hpp(110): error C4430: missing type specifier - int assumed. Note: C++ does not support default-int
d:\project_work\csf_library\csf_workspace\css\include\core\base\css_id.hpp(110): error C2334: unexpected token(s) preceding '{'; skipping apparent function body
d:\project_work\csf_library\csf_workspace\css\include\core\base\css_id.hpp(119): error C4430: missing type specifier - int assumed. Note: C++ does not support default-int
d:\project_work\csf_library\csf_workspace\css\include\core\base\css_id.hpp(119): error C2143: syntax error: missing ',' before '<'
d:\project_work\csf_library\csf_workspace\css\include\core\base\css_id.hpp(128): error C3646: 'get_parameter': unknown override specifier
d:\project_work\csf_library\csf_workspace\css\include\core\base\css_id.hpp(128): error C2059: syntax error: 'const'
d:\project_work\csf_library\csf_workspace\css\include\core\base\css_id.hpp(128): error C2334: unexpected token(s) preceding '{'; skipping apparent function body
d:\project_work\csf_library\csf_workspace\css\include\core\base\css_id.hpp(138): error C4430: missing type specifier - int assumed. Note: C++ does not support default-int
d:\project_work\csf_library\csf_workspace\css\include\core\base\css_id.hpp(138): error C2143: syntax error: missing ',' before '*'
d:\project_work\csf_library\csf_workspace\css\include\core\base\css_id.hpp(145): error C4430: missing type specifier - int assumed. Note: C++ does not support default-int
d:\project_work\csf_library\csf_workspace\css\include\core\base\css_id.hpp(145): error C2143: syntax error: missing ',' before '&'
d:\project_work\csf_library\csf_workspace\css\include\core\base\css_id.hpp(145): error C2535: 'css::core::css_id &css::core::css_id::operator =(const int)': member function already defined or declared
  d:\project_work\csf_library\csf_workspace\css\include\core\base\css_id.hpp(138): note: see declaration of 'css::core::css_id::operator ='
d:\project_work\csf_library\csf_workspace\css\include\core\base\css_id.hpp(151): error C3646: 'm_value': unknown override specifier
d:\project_work\csf_library\csf_workspace\css\include\core\base\css_id.hpp(151): error C2059: syntax error: '='
d:\project_work\csf_library\csf_workspace\css\include\core\base\css_id.hpp(151): error C2238: unexpected token(s) preceding ';'
d:\project_work\csf_library\csf_workspace\css\include\core\base\css_id.hpp(155): error C3646: 'm_guid': unknown override specifier
d:\project_work\csf_library\csf_workspace\css\include\core\base\css_id.hpp(155): error C2059: syntax error: '='
d:\project_work\csf_library\csf_workspace\css\include\core\base\css_id.hpp(155): error C2238: unexpected token(s) preceding ';'
d:\project_work\csf_library\csf_workspace\css\include\core\base\css_id.hpp(159): error C2143: syntax error: missing ';' before '<'
d:\project_work\csf_library\csf_workspace\css\include\core\base\css_id.hpp(159): error C4430: missing type specifier - int assumed. Note: C++ does not support default-int
d:\project_work\csf_library\csf_workspace\css\include\core\base\css_id.hpp(159): error C2238: unexpected token(s) preceding ';'
d:\project_work\csf_library\csf_workspace\css\include\core\base\css_id.hpp(121): error C2065: 'm_parameters': undeclared identifier
d:\project_work\csf_library\csf_workspace\css\include\core\base\css_id.hpp(121): error C2065: 'newVal': undeclared identifier
d:\project_work\csf_library\csf_workspace\css\include\core\base\css_return.hpp(46): error C3646: 'get_host_id': unknown override specifier
d:\project_work\csf_library\csf_workspace\css\include\core\base\css_return.hpp(46): error C2059: syntax error: ')'
d:\project_work\csf_library\csf_workspace\css\include\core\base\css_return.hpp(46): error C2334: unexpected token(s) preceding '{'; skipping apparent function body
d:\project_work\csf_library\csf_workspace\css\include\core\base\css_return.hpp(53): error C3646: 'get_reason': unknown override specifier
d:\project_work\csf_library\csf_workspace\css\include\core\base\css_return.hpp(53): error C2059: syntax error: ')'
d:\project_work\csf_library\csf_workspace\css\include\core\base\css_return.hpp(53): error C2334: unexpected token(s) preceding '{'; skipping apparent function body
d:\project_work\csf_library\csf_workspace\css\include\core\base\css_return.hpp(62): error C4430: missing type specifier - int assumed. Note: C++ does not support default-int
d:\project_work\csf_library\csf_workspace\css\include\core\base\css_return.hpp(62): error C2146: syntax error: missing ')' before identifier 'newVal'
d:\project_work\csf_library\csf_workspace\css\include\core\base\css_return.hpp(62): error C3646: 'newVal': unknown override specifier
d:\project_work\csf_library\csf_workspace\css\include\core\base\css_return.hpp(62): error C2059: syntax error: ')'
d:\project_work\csf_library\csf_workspace\css\include\core\base\css_return.hpp(69): error C3646: 'get_status': unknown override specifier
d:\project_work\csf_library\csf_workspace\css\include\core\base\css_return.hpp(69): error C2059: syntax error: ')'
d:\project_work\csf_library\csf_workspace\css\include\core\base\css_return.hpp(69): error C2334: unexpected token(s) preceding '{'; skipping apparent function body
d:\project_work\csf_library\csf_workspace\css\include\core\base\css_return.hpp(78): error C4430: missing type specifier - int assumed. Note: C++ does not support default-int
d:\project_work\csf_library\csf_workspace\css\include\core\base\css_return.hpp(78): error C2146: syntax error: missing ')' before identifier 'newVal'
d:\project_work\csf_library\csf_workspace\css\include\core\base\css_return.hpp(78): error C3646: 'newVal': unknown override specifier
d:\project_work\csf_library\csf_workspace\css\include\core\base\css_return.hpp(78): error C2059: syntax error: ')'
d:\project_work\csf_library\csf_workspace\css\include\core\base\css_return.hpp(103): error C2061: syntax error: identifier 'csf_string'
d:\project_work\csf_library\csf_workspace\css\include\core\base\css_return.hpp(112): error C2061: syntax error: identifier 'csf_char'
d:\project_work\csf_library\csf_workspace\css\include\core\base\css_return.hpp(112): error C2535: 'void css::core::css_return::set_id(void)': member function already defined or declared
  d:\project_work\csf_library\csf_workspace\css\include\core\base\css_return.hpp(103): note: see declaration of 'css::core::css_return::set_id'
d:\project_work\csf_library\csf_workspace\css\include\core\base\css_return.hpp(121): error C3646: 'm_reason': unknown override specifier
d:\project_work\csf_library\csf_workspace\css\include\core\base\css_return.hpp(121): error C2059: syntax error: '='
d:\project_work\csf_library\csf_workspace\css\include\core\base\css_return.hpp(121): error C2238: unexpected token(s) preceding ';'
d:\project_work\csf_library\csf_workspace\css\include\core\base\css_return.hpp(125): error C3646: 'm_status': unknown override specifier
d:\project_work\csf_library\csf_workspace\css\include\core\base\css_return.hpp(125): error C2059: syntax error: '='
d:\project_work\csf_library\csf_workspace\css\include\core\base\css_return.hpp(125): error C2238: unexpected token(s) preceding ';'
d:\project_work\csf_library\csf_workspace\css\include\core\base\css_return.hpp(64): error C2065: 'm_reason': undeclared identifier
d:\project_work\csf_library\csf_workspace\css\include\core\base\css_return.hpp(64): error C2065: 'newVal': undeclared identifier
d:\project_work\csf_library\csf_workspace\css\include\core\base\css_return.hpp(80): error C2065: 'm_status': undeclared identifier
d:\project_work\csf_library\csf_workspace\css\include\core\base\css_return.hpp(80): error C2065: 'newVal': undeclared identifier
d:\project_work\csf_library\csf_workspace\css\include\core\base\css_return.hpp(105): error C2065: 'newVal': undeclared identifier
d:\project_work\csf_library\csf_workspace\css\include\core\base\css_return.hpp(114): error C2065: 'newVal': undeclared identifier
d:\project_work\csf_library\csf_workspace\css\src\core\base\css_return.cpp(28): error C2614: 'css::core::css_return': illegal member initialization: 'm_reason' is not a base or member
d:\project_work\csf_library\csf_workspace\css\src\core\base\css_return.cpp(28): error C2614: 'css::core::css_return': illegal member initialization: 'm_status' is not a base or member
  css_interface.cpp
d:\project_work\csf_library\csf_workspace\css\include\core\base\css_interface.hpp(44): error C3646: 'get_tcp_port': unknown override specifier
d:\project_work\csf_library\csf_workspace\css\include\core\base\css_interface.hpp(44): error C2059: syntax error: ')'
d:\project_work\csf_library\csf_workspace\css\include\core\base\css_interface.hpp(44): error C2334: unexpected token(s) preceding '{'; skipping apparent function body
d:\project_work\csf_library\csf_workspace\css\include\core\base\css_interface.hpp(53): error C4430: missing type specifier - int assumed. Note: C++ does not support default-int
d:\project_work\csf_library\csf_workspace\css\include\core\base\css_interface.hpp(53): error C2146: syntax error: missing ')' before identifier 'newVal'
d:\project_work\csf_library\csf_workspace\css\include\core\base\css_interface.hpp(53): error C3646: 'newVal': unknown override specifier
d:\project_work\csf_library\csf_workspace\css\include\core\base\css_interface.hpp(53): error C2059: syntax error: ')'
d:\project_work\csf_library\csf_workspace\css\include\core\base\css_interface.hpp(60): error C3646: 'get_udp_port': unknown override specifier
d:\project_work\csf_library\csf_workspace\css\include\core\base\css_interface.hpp(60): error C2059: syntax error: ')'
d:\project_work\csf_library\csf_workspace\css\include\core\base\css_interface.hpp(60): error C2334: unexpected token(s) preceding '{'; skipping apparent function body
d:\project_work\csf_library\csf_workspace\css\include\core\base\css_interface.hpp(69): error C4430: missing type specifier - int assumed. Note: C++ does not support default-int
d:\project_work\csf_library\csf_workspace\css\include\core\base\css_interface.hpp(69): error C2146: syntax error: missing ')' before identifier 'newVal'
d:\project_work\csf_library\csf_workspace\css\include\core\base\css_interface.hpp(69): error C3646: 'newVal': unknown override specifier
d:\project_work\csf_library\csf_workspace\css\include\core\base\css_interface.hpp(69): error C2059: syntax error: ')'
d:\project_work\csf_library\csf_workspace\css\include\core\base\css_interface.hpp(76): error C3646: 'get_used': unknown override specifier
d:\project_work\csf_library\csf_workspace\css\include\core\base\css_interface.hpp(76): error C2059: syntax error: ')'
d:\project_work\csf_library\csf_workspace\css\include\core\base\css_interface.hpp(76): error C2334: unexpected token(s) preceding '{'; skipping apparent function body
d:\project_work\csf_library\csf_workspace\css\include\core\base\css_interface.hpp(85): error C4430: missing type specifier - int assumed. Note: C++ does not support default-int
d:\project_work\csf_library\csf_workspace\css\include\core\base\css_interface.hpp(85): error C2146: syntax error: missing ')' before identifier 'newVal'
d:\project_work\csf_library\csf_workspace\css\include\core\base\css_interface.hpp(85): error C3646: 'newVal': unknown override specifier
d:\project_work\csf_library\csf_workspace\css\include\core\base\css_interface.hpp(85): error C2059: syntax error: ')'
d:\project_work\csf_library\csf_workspace\css\include\core\base\css_interface.hpp(92): error C2143: syntax error: missing ';' before '*'
d:\project_work\csf_library\csf_workspace\css\include\core\base\css_interface.hpp(92): error C2433: 'css::core::css_interface::csf_char': 'inline' not permitted on data declarations
d:\project_work\csf_library\csf_workspace\css\include\core\base\css_interface.hpp(92): error C4430: missing type specifier - int assumed. Note: C++ does not support default-int
d:\project_work\csf_library\csf_workspace\css\include\core\base\css_interface.hpp(92): error C2334: unexpected token(s) preceding '{'; skipping apparent function body
d:\project_work\csf_library\csf_workspace\css\include\core\base\css_interface.hpp(101): error C4430: missing type specifier - int assumed. Note: C++ does not support default-int
d:\project_work\csf_library\csf_workspace\css\include\core\base\css_interface.hpp(101): error C2143: syntax error: missing ',' before '*'
d:\project_work\csf_library\csf_workspace\css\include\core\base\css_interface.hpp(108): error C2143: syntax error: missing ';' before '*'
d:\project_work\csf_library\csf_workspace\css\include\core\base\css_interface.hpp(108): error C2433: 'css::core::css_interface::csf_char': 'inline' not permitted on data declarations
d:\project_work\csf_library\csf_workspace\css\include\core\base\css_interface.hpp(108): error C4430: missing type specifier - int assumed. Note: C++ does not support default-int
d:\project_work\csf_library\csf_workspace\css\include\core\base\css_interface.hpp(108): error C2334: unexpected token(s) preceding '{'; skipping apparent function body
d:\project_work\csf_library\csf_workspace\css\include\core\base\css_interface.hpp(117): error C4430: missing type specifier - int assumed. Note: C++ does not support default-int
d:\project_work\csf_library\csf_workspace\css\include\core\base\css_interface.hpp(117): error C2143: syntax error: missing ',' before '*'
d:\project_work\csf_library\csf_workspace\css\include\core\base\css_interface.hpp(124): error C3646: 'get_tcp_update_port': unknown override specifier
d:\project_work\csf_library\csf_workspace\css\include\core\base\css_interface.hpp(124): error C2059: syntax error: ')'
d:\project_work\csf_library\csf_workspace\css\include\core\base\css_interface.hpp(124): error C2334: unexpected token(s) preceding '{'; skipping apparent function body
d:\project_work\csf_library\csf_workspace\css\include\core\base\css_interface.hpp(133): error C4430: missing type specifier - int assumed. Note: C++ does not support default-int
d:\project_work\csf_library\csf_workspace\css\include\core\base\css_interface.hpp(133): error C2146: syntax error: missing ')' before identifier 'newVal'
d:\project_work\csf_library\csf_workspace\css\include\core\base\css_interface.hpp(133): error C3646: 'newVal': unknown override specifier
d:\project_work\csf_library\csf_workspace\css\include\core\base\css_interface.hpp(133): error C2059: syntax error: ')'
d:\project_work\csf_library\csf_workspace\css\include\core\base\css_interface.hpp(142): error C3646: 'm_tcp_port': unknown override specifier
d:\project_work\csf_library\csf_workspace\css\include\core\base\css_interface.hpp(142): error C2059: syntax error: '='
d:\project_work\csf_library\csf_workspace\css\include\core\base\css_interface.hpp(142): error C2238: unexpected token(s) preceding ';'
d:\project_work\csf_library\csf_workspace\css\include\core\base\css_interface.hpp(146): error C3646: 'm_udp_port': unknown override specifier
d:\project_work\csf_library\csf_workspace\css\include\core\base\css_interface.hpp(146): error C2059: syntax error: '='
d:\project_work\csf_library\csf_workspace\css\include\core\base\css_interface.hpp(146): error C2238: unexpected token(s) preceding ';'
d:\project_work\csf_library\csf_workspace\css\include\core\base\css_interface.hpp(150): error C3646: 'm_used': unknown override specifier
d:\project_work\csf_library\csf_workspace\css\include\core\base\css_interface.hpp(150): error C2059: syntax error: '='
d:\project_work\csf_library\csf_workspace\css\include\core\base\css_interface.hpp(150): error C2238: unexpected token(s) preceding ';'
d:\project_work\csf_library\csf_workspace\css\include\core\base\css_interface.hpp(154): error C3646: 'm_ip': unknown override specifier
d:\project_work\csf_library\csf_workspace\css\include\core\base\css_interface.hpp(154): error C2143: syntax error: missing ',' before '['
d:\project_work\csf_library\csf_workspace\css\include\core\base\css_interface.hpp(154): error C2143: syntax error: missing ')' before ';'
d:\project_work\csf_library\csf_workspace\css\include\core\base\css_interface.hpp(154): error C2238: unexpected token(s) preceding ';'
d:\project_work\csf_library\csf_workspace\css\include\core\base\css_interface.hpp(158): error C3646: 'm_name': unknown override specifier
d:\project_work\csf_library\csf_workspace\css\include\core\base\css_interface.hpp(158): error C2143: syntax error: missing ',' before '['
d:\project_work\csf_library\csf_workspace\css\include\core\base\css_interface.hpp(158): error C2143: syntax error: missing ')' before ';'
d:\project_work\csf_library\csf_workspace\css\include\core\base\css_interface.hpp(158): error C2238: unexpected token(s) preceding ';'
d:\project_work\csf_library\csf_workspace\css\include\core\base\css_interface.hpp(162): error C3646: 'm_tcp_update_port': unknown override specifier
d:\project_work\csf_library\csf_workspace\css\include\core\base\css_interface.hpp(162): error C2059: syntax error: '='
d:\project_work\csf_library\csf_workspace\css\include\core\base\css_interface.hpp(162): error C2238: unexpected token(s) preceding ';'
d:\project_work\csf_library\csf_workspace\css\include\core\base\css_interface.hpp(55): error C2065: 'm_tcp_port': undeclared identifier
d:\project_work\csf_library\csf_workspace\css\include\core\base\css_interface.hpp(55): error C2065: 'newVal': undeclared identifier
d:\project_work\csf_library\csf_workspace\css\include\core\base\css_interface.hpp(71): error C2065: 'm_udp_port': undeclared identifier
d:\project_work\csf_library\csf_workspace\css\include\core\base\css_interface.hpp(71): error C2065: 'newVal': undeclared identifier
d:\project_work\csf_library\csf_workspace\css\include\core\base\css_interface.hpp(87): error C2065: 'm_used': undeclared identifier
d:\project_work\csf_library\csf_workspace\css\include\core\base\css_interface.hpp(87): error C2065: 'newVal': undeclared identifier
d:\project_work\csf_library\csf_workspace\css\include\core\base\css_interface.hpp(103): error C2065: 'm_ip': undeclared identifier
d:\project_work\csf_library\csf_workspace\css\include\core\base\css_interface.hpp(103): error C2065: 'newVal': undeclared identifier
d:\project_work\csf_library\csf_workspace\css\include\core\base\css_interface.hpp(119): error C2065: 'm_name': undeclared identifier
d:\project_work\csf_library\csf_workspace\css\include\core\base\css_interface.hpp(119): error C2065: 'newVal': undeclared identifier
d:\project_work\csf_library\csf_workspace\css\include\core\base\css_interface.hpp(135): error C2065: 'm_tcp_update_port': undeclared identifier
d:\project_work\csf_library\csf_workspace\css\include\core\base\css_interface.hpp(135): error C2065: 'newVal': undeclared identifier
d:\project_work\csf_library\csf_workspace\css\src\core\base\css_interface.cpp(29): error C2065: 'csf_false': undeclared identifier
d:\project_work\csf_library\csf_workspace\css\src\core\base\css_interface.cpp(30): error C2614: 'css::core::css_interface': illegal member initialization: 'm_tcp_port' is not a base or member
d:\project_work\csf_library\csf_workspace\css\src\core\base\css_interface.cpp(30): error C2614: 'css::core::css_interface': illegal member initialization: 'm_udp_port' is not a base or member
d:\project_work\csf_library\csf_workspace\css\src\core\base\css_interface.cpp(30): error C2614: 'css::core::css_interface': illegal member initialization: 'm_used' is not a base or member
d:\project_work\csf_library\csf_workspace\css\src\core\base\css_interface.cpp(30): error C2614: 'css::core::css_interface': illegal member initialization: 'm_tcp_update_port' is not a base or member
  css_information.cpp
d:\project_work\csf_library\csf_workspace\css\include\core\base\css_information.hpp(44): error C3646: 'get_limit_disk': unknown override specifier
d:\project_work\csf_library\csf_workspace\css\include\core\base\css_information.hpp(44): error C2059: syntax error: ')'
d:\project_work\csf_library\csf_workspace\css\include\core\base\css_information.hpp(44): error C2334: unexpected token(s) preceding '{'; skipping apparent function body
d:\project_work\csf_library\csf_workspace\css\include\core\base\css_information.hpp(53): error C4430: missing type specifier - int assumed. Note: C++ does not support default-int
d:\project_work\csf_library\csf_workspace\css\include\core\base\css_information.hpp(53): error C2146: syntax error: missing ')' before identifier 'newVal'
d:\project_work\csf_library\csf_workspace\css\include\core\base\css_information.hpp(53): error C3646: 'newVal': unknown override specifier
d:\project_work\csf_library\csf_workspace\css\include\core\base\css_information.hpp(53): error C2059: syntax error: ')'
d:\project_work\csf_library\csf_workspace\css\include\core\base\css_information.hpp(60): error C3646: 'get_limit_memory': unknown override specifier
d:\project_work\csf_library\csf_workspace\css\include\core\base\css_information.hpp(60): error C2059: syntax error: ')'
d:\project_work\csf_library\csf_workspace\css\include\core\base\css_information.hpp(60): error C2334: unexpected token(s) preceding '{'; skipping apparent function body
d:\project_work\csf_library\csf_workspace\css\include\core\base\css_information.hpp(69): error C4430: missing type specifier - int assumed. Note: C++ does not support default-int
d:\project_work\csf_library\csf_workspace\css\include\core\base\css_information.hpp(69): error C2146: syntax error: missing ')' before identifier 'newVal'
d:\project_work\csf_library\csf_workspace\css\include\core\base\css_information.hpp(69): error C3646: 'newVal': unknown override specifier
d:\project_work\csf_library\csf_workspace\css\include\core\base\css_information.hpp(69): error C2059: syntax error: ')'
d:\project_work\csf_library\csf_workspace\css\include\core\base\css_information.hpp(76): error C3646: 'get_limit_cpu': unknown override specifier
d:\project_work\csf_library\csf_workspace\css\include\core\base\css_information.hpp(76): error C2059: syntax error: ')'
d:\project_work\csf_library\csf_workspace\css\include\core\base\css_information.hpp(76): error C2334: unexpected token(s) preceding '{'; skipping apparent function body
d:\project_work\csf_library\csf_workspace\css\include\core\base\css_information.hpp(85): error C4430: missing type specifier - int assumed. Note: C++ does not support default-int
d:\project_work\csf_library\csf_workspace\css\include\core\base\css_information.hpp(85): error C2146: syntax error: missing ')' before identifier 'newVal'
d:\project_work\csf_library\csf_workspace\css\include\core\base\css_information.hpp(85): error C3646: 'newVal': unknown override specifier
d:\project_work\csf_library\csf_workspace\css\include\core\base\css_information.hpp(85): error C2059: syntax error: ')'
d:\project_work\csf_library\csf_workspace\css\include\core\base\css_information.hpp(92): error C3646: 'get_limit_bandwidth': unknown override specifier
d:\project_work\csf_library\csf_workspace\css\include\core\base\css_information.hpp(92): error C2059: syntax error: ')'
d:\project_work\csf_library\csf_workspace\css\include\core\base\css_information.hpp(92): error C2334: unexpected token(s) preceding '{'; skipping apparent function body
d:\project_work\csf_library\csf_workspace\css\include\core\base\css_information.hpp(101): error C4430: missing type specifier - int assumed. Note: C++ does not support default-int
d:\project_work\csf_library\csf_workspace\css\include\core\base\css_information.hpp(101): error C2146: syntax error: missing ')' before identifier 'newVal'
d:\project_work\csf_library\csf_workspace\css\include\core\base\css_information.hpp(101): error C3646: 'newVal': unknown override specifier
d:\project_work\csf_library\csf_workspace\css\include\core\base\css_information.hpp(101): error C2059: syntax error: ')'
d:\project_work\csf_library\csf_workspace\css\include\core\base\css_information.hpp(108): error C3646: 'get_limit_connect': unknown override specifier
d:\project_work\csf_library\csf_workspace\css\include\core\base\css_information.hpp(108): error C2059: syntax error: ')'
d:\project_work\csf_library\csf_workspace\css\include\core\base\css_information.hpp(108): error C2334: unexpected token(s) preceding '{'; skipping apparent function body
d:\project_work\csf_library\csf_workspace\css\include\core\base\css_information.hpp(117): error C4430: missing type specifier - int assumed. Note: C++ does not support default-int
d:\project_work\csf_library\csf_workspace\css\include\core\base\css_information.hpp(117): error C2146: syntax error: missing ')' before identifier 'newVal'
d:\project_work\csf_library\csf_workspace\css\include\core\base\css_information.hpp(117): error C3646: 'newVal': unknown override specifier
d:\project_work\csf_library\csf_workspace\css\include\core\base\css_information.hpp(117): error C2059: syntax error: ')'
d:\project_work\csf_library\csf_workspace\css\include\core\base\css_information.hpp(124): error C3646: 'get_current_disk': unknown override specifier
d:\project_work\csf_library\csf_workspace\css\include\core\base\css_information.hpp(124): error C2059: syntax error: ')'
d:\project_work\csf_library\csf_workspace\css\include\core\base\css_information.hpp(124): error C2334: unexpected token(s) preceding '{'; skipping apparent function body
d:\project_work\csf_library\csf_workspace\css\include\core\base\css_information.hpp(133): error C4430: missing type specifier - int assumed. Note: C++ does not support default-int
d:\project_work\csf_library\csf_workspace\css\include\core\base\css_information.hpp(133): error C2146: syntax error: missing ')' before identifier 'newVal'
d:\project_work\csf_library\csf_workspace\css\include\core\base\css_information.hpp(133): error C3646: 'newVal': unknown override specifier
d:\project_work\csf_library\csf_workspace\css\include\core\base\css_information.hpp(133): error C2059: syntax error: ')'
d:\project_work\csf_library\csf_workspace\css\include\core\base\css_information.hpp(137): error C3646: 'get_current_memory': unknown override specifier
d:\project_work\csf_library\csf_workspace\css\include\core\base\css_information.hpp(137): error C2059: syntax error: ')'
d:\project_work\csf_library\csf_workspace\css\include\core\base\css_information.hpp(137): error C2334: unexpected token(s) preceding '{'; skipping apparent function body
d:\project_work\csf_library\csf_workspace\css\include\core\base\css_information.hpp(145): error C4430: missing type specifier - int assumed. Note: C++ does not support default-int
d:\project_work\csf_library\csf_workspace\css\include\core\base\css_information.hpp(145): error C2146: syntax error: missing ')' before identifier 'newVal'
d:\project_work\csf_library\csf_workspace\css\include\core\base\css_information.hpp(145): error C3646: 'newVal': unknown override specifier
d:\project_work\csf_library\csf_workspace\css\include\core\base\css_information.hpp(145): error C2059: syntax error: ')'
d:\project_work\csf_library\csf_workspace\css\include\core\base\css_information.hpp(152): error C3646: 'get_current_cpu': unknown override specifier
d:\project_work\csf_library\csf_workspace\css\include\core\base\css_information.hpp(152): error C2059: syntax error: ')'
d:\project_work\csf_library\csf_workspace\css\include\core\base\css_information.hpp(152): error C2334: unexpected token(s) preceding '{'; skipping apparent function body
d:\project_work\csf_library\csf_workspace\css\include\core\base\css_information.hpp(161): error C4430: missing type specifier - int assumed. Note: C++ does not support default-int
d:\project_work\csf_library\csf_workspace\css\include\core\base\css_information.hpp(161): error C2146: syntax error: missing ')' before identifier 'newVal'
d:\project_work\csf_library\csf_workspace\css\include\core\base\css_information.hpp(161): error C3646: 'newVal': unknown override specifier
d:\project_work\csf_library\csf_workspace\css\include\core\base\css_information.hpp(161): error C2059: syntax error: ')'
d:\project_work\csf_library\csf_workspace\css\include\core\base\css_information.hpp(168): error C3646: 'get_current_bandwidth': unknown override specifier
d:\project_work\csf_library\csf_workspace\css\include\core\base\css_information.hpp(168): error C2059: syntax error: ')'
d:\project_work\csf_library\csf_workspace\css\include\core\base\css_information.hpp(168): error C2334: unexpected token(s) preceding '{'; skipping apparent function body
d:\project_work\csf_library\csf_workspace\css\include\core\base\css_information.hpp(177): error C4430: missing type specifier - int assumed. Note: C++ does not support default-int
d:\project_work\csf_library\csf_workspace\css\include\core\base\css_information.hpp(177): error C2146: syntax error: missing ')' before identifier 'newVal'
d:\project_work\csf_library\csf_workspace\css\include\core\base\css_information.hpp(177): error C3646: 'newVal': unknown override specifier
d:\project_work\csf_library\csf_workspace\css\include\core\base\css_information.hpp(177): error C2059: syntax error: ')'
d:\project_work\csf_library\csf_workspace\css\include\core\base\css_information.hpp(184): error C3646: 'get_current_connect': unknown override specifier
d:\project_work\csf_library\csf_workspace\css\include\core\base\css_information.hpp(184): error C2059: syntax error: ')'
d:\project_work\csf_library\csf_workspace\css\include\core\base\css_information.hpp(184): error C2334: unexpected token(s) preceding '{'; skipping apparent function body
d:\project_work\csf_library\csf_workspace\css\include\core\base\css_information.hpp(193): error C4430: missing type specifier - int assumed. Note: C++ does not support default-int
d:\project_work\csf_library\csf_workspace\css\include\core\base\css_information.hpp(193): error C2146: syntax error: missing ')' before identifier 'newVal'
d:\project_work\csf_library\csf_workspace\css\include\core\base\css_information.hpp(193): error C3646: 'newVal': unknown override specifier
d:\project_work\csf_library\csf_workspace\css\include\core\base\css_information.hpp(193): error C2059: syntax error: ')'
d:\project_work\csf_library\csf_workspace\css\include\core\base\css_information.hpp(202): error C3646: 'm_limit_disk': unknown override specifier
d:\project_work\csf_library\csf_workspace\css\include\core\base\css_information.hpp(202): error C2059: syntax error: '='
d:\project_work\csf_library\csf_workspace\css\include\core\base\css_information.hpp(202): error C2238: unexpected token(s) preceding ';'
d:\project_work\csf_library\csf_workspace\css\include\core\base\css_information.hpp(206): error C3646: 'm_limit_memory': unknown override specifier
d:\project_work\csf_library\csf_workspace\css\include\core\base\css_information.hpp(206): error C2059: syntax error: '='
d:\project_work\csf_library\csf_workspace\css\include\core\base\css_information.hpp(206): error C2238: unexpected token(s) preceding ';'
d:\project_work\csf_library\csf_workspace\css\include\core\base\css_information.hpp(210): error C3646: 'm_limit_cpu': unknown override specifier
d:\project_work\csf_library\csf_workspace\css\include\core\base\css_information.hpp(210): error C2059: syntax error: '='
d:\project_work\csf_library\csf_workspace\css\include\core\base\css_information.hpp(210): error C2238: unexpected token(s) preceding ';'
d:\project_work\csf_library\csf_workspace\css\include\core\base\css_information.hpp(214): error C3646: 'm_limit_bandwidth': unknown override specifier
d:\project_work\csf_library\csf_workspace\css\include\core\base\css_information.hpp(214): error C2059: syntax error: '='
d:\project_work\csf_library\csf_workspace\css\include\core\base\css_information.hpp(214): error C2238: unexpected token(s) preceding ';'
d:\project_work\csf_library\csf_workspace\css\include\core\base\css_information.hpp(218): error C3646: 'm_limit_connect': unknown override specifier
d:\project_work\csf_library\csf_workspace\css\include\core\base\css_information.hpp(218): error C2059: syntax error: '='
d:\project_work\csf_library\csf_workspace\css\include\core\base\css_information.hpp(218): error C2238: unexpected token(s) preceding ';'
d:\project_work\csf_library\csf_workspace\css\include\core\base\css_information.hpp(222): error C3646: 'm_current_disk': unknown override specifier
d:\project_work\csf_library\csf_workspace\css\include\core\base\css_information.hpp(222): error C2059: syntax error: '='
d:\project_work\csf_library\csf_workspace\css\include\core\base\css_information.hpp(222): error C2238: unexpected token(s) preceding ';'
d:\project_work\csf_library\csf_workspace\css\include\core\base\css_information.hpp(223): error C3646: 'm_current_memory': unknown override specifier
d:\project_work\csf_library\csf_workspace\css\include\core\base\css_information.hpp(223): error C2059: syntax error: '='
d:\project_work\csf_library\csf_workspace\css\include\core\base\css_information.hpp(223): error C2238: unexpected token(s) preceding ';'
d:\project_work\csf_library\csf_workspace\css\include\core\base\css_information.hpp(227): error C3646: 'm_current_cpu': unknown override specifier
d:\project_work\csf_library\csf_workspace\css\include\core\base\css_information.hpp(227): error C2059: syntax error: '='
d:\project_work\csf_library\csf_workspace\css\include\core\base\css_information.hpp(227): error C2238: unexpected token(s) preceding ';'
d:\project_work\csf_library\csf_workspace\css\include\core\base\css_information.hpp(231): error C3646: 'm_current_bandwidth': unknown override specifier
d:\project_work\csf_library\csf_workspace\css\include\core\base\css_information.hpp(231): error C2059: syntax error: '='
d:\project_work\csf_library\csf_workspace\css\include\core\base\css_information.hpp(231): error C2238: unexpected token(s) preceding ';'
d:\project_work\csf_library\csf_workspace\css\include\core\base\css_information.hpp(235): error C3646: 'm_current_connect': unknown override specifier
d:\project_work\csf_library\csf_workspace\css\include\core\base\css_information.hpp(235): error C2059: syntax error: '='
d:\project_work\csf_library\csf_workspace\css\include\core\base\css_information.hpp(235): error C2238: unexpected token(s) preceding ';'
d:\project_work\csf_library\csf_workspace\css\include\core\base\css_information.hpp(55): error C2065: 'm_limit_disk': undeclared identifier
d:\project_work\csf_library\csf_workspace\css\include\core\base\css_information.hpp(55): error C2065: 'newVal': undeclared identifier
d:\project_work\csf_library\csf_workspace\css\include\core\base\css_information.hpp(71): error C2065: 'm_limit_memory': undeclared identifier
d:\project_work\csf_library\csf_workspace\css\include\core\base\css_information.hpp(71): error C2065: 'newVal': undeclared identifier
d:\project_work\csf_library\csf_workspace\css\include\core\base\css_information.hpp(87): error C2065: 'm_limit_cpu': undeclared identifier
d:\project_work\csf_library\csf_workspace\css\include\core\base\css_information.hpp(87): error C2065: 'newVal': undeclared identifier
d:\project_work\csf_library\csf_workspace\css\include\core\base\css_information.hpp(103): error C2065: 'm_limit_bandwidth': undeclared identifier
d:\project_work\csf_library\csf_workspace\css\include\core\base\css_information.hpp(103): error C2065: 'newVal': undeclared identifier
d:\project_work\csf_library\csf_workspace\css\include\core\base\css_information.hpp(119): error C2065: 'm_limit_connect': undeclared identifier
d:\project_work\csf_library\csf_workspace\css\include\core\base\css_information.hpp(119): error C2065: 'newVal': undeclared identifier
d:\project_work\csf_library\csf_workspace\css\include\core\base\css_information.hpp(135): error C2065: 'm_current_disk': undeclared identifier
d:\project_work\csf_library\csf_workspace\css\include\core\base\css_information.hpp(135): fatal error C1003: error count exceeds 100; stopping compilation
  css_id.cpp
d:\project_work\csf_library\csf_workspace\css\include\core\base\css_id.hpp(44): error C3646: 'get_value': unknown override specifier
d:\project_work\csf_library\csf_workspace\css\include\core\base\css_id.hpp(44): error C2059: syntax error: ')'
d:\project_work\csf_library\csf_workspace\css\include\core\base\css_id.hpp(44): error C2334: unexpected token(s) preceding '{'; skipping apparent function body
d:\project_work\csf_library\csf_workspace\css\include\core\base\css_id.hpp(53): error C3646: 'set_value': unknown override specifier
d:\project_work\csf_library\csf_workspace\css\include\core\base\css_id.hpp(53): error C2059: syntax error: 'const'
d:\project_work\csf_library\csf_workspace\css\include\core\base\css_id.hpp(53): error C2334: unexpected token(s) preceding '{'; skipping apparent function body
d:\project_work\csf_library\csf_workspace\css\include\core\base\css_id.hpp(60): error C3646: 'get_guid': unknown override specifier
d:\project_work\csf_library\csf_workspace\css\include\core\base\css_id.hpp(60): error C2059: syntax error: ')'
d:\project_work\csf_library\csf_workspace\css\include\core\base\css_id.hpp(60): error C2334: unexpected token(s) preceding '{'; skipping apparent function body
d:\project_work\csf_library\csf_workspace\css\include\core\base\css_id.hpp(69): error C3646: 'set_guid': unknown override specifier
d:\project_work\csf_library\csf_workspace\css\include\core\base\css_id.hpp(69): error C2059: syntax error: 'const'
d:\project_work\csf_library\csf_workspace\css\include\core\base\css_id.hpp(69): error C2334: unexpected token(s) preceding '{'; skipping apparent function body
d:\project_work\csf_library\csf_workspace\css\include\core\base\css_id.hpp(79): error C3646: 'parse': unknown override specifier
d:\project_work\csf_library\csf_workspace\css\include\core\base\css_id.hpp(79): error C2059: syntax error: '('
d:\project_work\csf_library\csf_workspace\css\include\core\base\css_id.hpp(79): error C2238: unexpected token(s) preceding ';'
d:\project_work\csf_library\csf_workspace\css\include\core\base\css_id.hpp(86): error C3646: 'parse': unknown override specifier
d:\project_work\csf_library\csf_workspace\css\include\core\base\css_id.hpp(86): error C2059: syntax error: '('
d:\project_work\csf_library\csf_workspace\css\include\core\base\css_id.hpp(86): error C2238: unexpected token(s) preceding ';'
d:\project_work\csf_library\csf_workspace\css\include\core\base\css_id.hpp(93): error C3646: 'make': unknown override specifier
d:\project_work\csf_library\csf_workspace\css\include\core\base\css_id.hpp(93): error C2059: syntax error: '('
d:\project_work\csf_library\csf_workspace\css\include\core\base\css_id.hpp(93): error C2238: unexpected token(s) preceding ';'
d:\project_work\csf_library\csf_workspace\css\include\core\base\css_id.hpp(100): error C3646: 'make': unknown override specifier
d:\project_work\csf_library\csf_workspace\css\include\core\base\css_id.hpp(100): error C2059: syntax error: '('
d:\project_work\csf_library\csf_workspace\css\include\core\base\css_id.hpp(100): error C2238: unexpected token(s) preceding ';'
d:\project_work\csf_library\csf_workspace\css\include\core\base\css_id.hpp(106): error C3646: 'make': unknown override specifier
d:\project_work\csf_library\csf_workspace\css\include\core\base\css_id.hpp(106): error C2059: syntax error: '('
d:\project_work\csf_library\csf_workspace\css\include\core\base\css_id.hpp(106): error C2238: unexpected token(s) preceding ';'
d:\project_work\csf_library\csf_workspace\css\include\core\base\css_id.hpp(110): error C2143: syntax error: missing ';' before '<'
d:\project_work\csf_library\csf_workspace\css\include\core\base\css_id.hpp(110): error C2433: 'css::core::css_id::csf_vertor': 'inline' not permitted on data declarations
d:\project_work\csf_library\csf_workspace\css\include\core\base\css_id.hpp(110): error C4430: missing type specifier - int assumed. Note: C++ does not support default-int
d:\project_work\csf_library\csf_workspace\css\include\core\base\css_id.hpp(110): error C2334: unexpected token(s) preceding '{'; skipping apparent function body
d:\project_work\csf_library\csf_workspace\css\include\core\base\css_id.hpp(119): error C4430: missing type specifier - int assumed. Note: C++ does not support default-int
d:\project_work\csf_library\csf_workspace\css\include\core\base\css_id.hpp(119): error C2143: syntax error: missing ',' before '<'
d:\project_work\csf_library\csf_workspace\css\include\core\base\css_id.hpp(128): error C3646: 'get_parameter': unknown override specifier
d:\project_work\csf_library\csf_workspace\css\include\core\base\css_id.hpp(128): error C2059: syntax error: 'const'
d:\project_work\csf_library\csf_workspace\css\include\core\base\css_id.hpp(128): error C2334: unexpected token(s) preceding '{'; skipping apparent function body
d:\project_work\csf_library\csf_workspace\css\include\core\base\css_id.hpp(138): error C4430: missing type specifier - int assumed. Note: C++ does not support default-int
d:\project_work\csf_library\csf_workspace\css\include\core\base\css_id.hpp(138): error C2143: syntax error: missing ',' before '*'
d:\project_work\csf_library\csf_workspace\css\include\core\base\css_id.hpp(145): error C4430: missing type specifier - int assumed. Note: C++ does not support default-int
d:\project_work\csf_library\csf_workspace\css\include\core\base\css_id.hpp(145): error C2143: syntax error: missing ',' before '&'
d:\project_work\csf_library\csf_workspace\css\include\core\base\css_id.hpp(145): error C2535: 'css::core::css_id &css::core::css_id::operator =(const int)': member function already defined or declared
  d:\project_work\csf_library\csf_workspace\css\include\core\base\css_id.hpp(138): note: see declaration of 'css::core::css_id::operator ='
d:\project_work\csf_library\csf_workspace\css\include\core\base\css_id.hpp(151): error C3646: 'm_value': unknown override specifier
d:\project_work\csf_library\csf_workspace\css\include\core\base\css_id.hpp(151): error C2059: syntax error: '='
d:\project_work\csf_library\csf_workspace\css\include\core\base\css_id.hpp(151): error C2238: unexpected token(s) preceding ';'
d:\project_work\csf_library\csf_workspace\css\include\core\base\css_id.hpp(155): error C3646: 'm_guid': unknown override specifier
d:\project_work\csf_library\csf_workspace\css\include\core\base\css_id.hpp(155): error C2059: syntax error: '='
d:\project_work\csf_library\csf_workspace\css\include\core\base\css_id.hpp(155): error C2238: unexpected token(s) preceding ';'
d:\project_work\csf_library\csf_workspace\css\include\core\base\css_id.hpp(159): error C2143: syntax error: missing ';' before '<'
d:\project_work\csf_library\csf_workspace\css\include\core\base\css_id.hpp(159): error C4430: missing type specifier - int assumed. Note: C++ does not support default-int
d:\project_work\csf_library\csf_workspace\css\include\core\base\css_id.hpp(159): error C2238: unexpected token(s) preceding ';'
d:\project_work\csf_library\csf_workspace\css\include\core\base\css_id.hpp(121): error C2065: 'm_parameters': undeclared identifier
d:\project_work\csf_library\csf_workspace\css\include\core\base\css_id.hpp(121): error C2065: 'newVal': undeclared identifier
d:\project_work\csf_library\csf_workspace\css\src\core\base\css_id.cpp(28): error C2614: 'css::core::css_id': illegal member initialization: 'm_value' is not a base or member
d:\project_work\csf_library\csf_workspace\css\src\core\base\css_id.cpp(28): error C2614: 'css::core::css_id': illegal member initialization: 'm_guid' is not a base or member
d:\project_work\csf_library\csf_workspace\css\src\core\base\css_id.cpp(48): error C2039: 'parse': is not a member of 'css::core::css_id'
  d:\project_work\csf_library\csf_workspace\css\include\core\base\css_id.hpp(35): note: see declaration of 'css::core::css_id'
d:\project_work\csf_library\csf_workspace\css\src\core\base\css_id.cpp(48): error C4430: missing type specifier - int assumed. Note: C++ does not support default-int
d:\project_work\csf_library\csf_workspace\css\src\core\base\css_id.cpp(48): error C2146: syntax error: missing ';' before identifier 'parse'
d:\project_work\csf_library\csf_workspace\css\src\core\base\css_id.cpp(48): error C2143: syntax error: missing ';' before '{'
d:\project_work\csf_library\csf_workspace\css\src\core\base\css_id.cpp(48): error C2447: '{': missing function header (old-style formal list?)
d:\project_work\csf_library\csf_workspace\css\src\core\base\css_id.cpp(60): error C2039: 'parse': is not a member of 'css::core::css_id'
  d:\project_work\csf_library\csf_workspace\css\include\core\base\css_id.hpp(35): note: see declaration of 'css::core::css_id'
d:\project_work\csf_library\csf_workspace\css\src\core\base\css_id.cpp(60): error C4430: missing type specifier - int assumed. Note: C++ does not support default-int
d:\project_work\csf_library\csf_workspace\css\src\core\base\css_id.cpp(60): error C2086: 'int csf_bool': redefinition
  d:\project_work\csf_library\csf_workspace\css\src\core\base\css_id.cpp(48): note: see declaration of 'csf_bool'
d:\project_work\csf_library\csf_workspace\css\src\core\base\css_id.cpp(60): error C2146: syntax error: missing ';' before identifier 'parse'
d:\project_work\csf_library\csf_workspace\css\src\core\base\css_id.cpp(60): error C2143: syntax error: missing ';' before '{'
d:\project_work\csf_library\csf_workspace\css\src\core\base\css_id.cpp(60): error C2447: '{': missing function header (old-style formal list?)
d:\project_work\csf_library\csf_workspace\css\src\core\base\css_id.cpp(72): error C2039: 'make': is not a member of 'css::core::css_id'
  d:\project_work\csf_library\csf_workspace\css\include\core\base\css_id.hpp(35): note: see declaration of 'css::core::css_id'
d:\project_work\csf_library\csf_workspace\css\src\core\base\css_id.cpp(72): error C4430: missing type specifier - int assumed. Note: C++ does not support default-int
d:\project_work\csf_library\csf_workspace\css\src\core\base\css_id.cpp(72): error C2086: 'int csf_bool': redefinition
  d:\project_work\csf_library\csf_workspace\css\src\core\base\css_id.cpp(48): note: see declaration of 'csf_bool'
d:\project_work\csf_library\csf_workspace\css\src\core\base\css_id.cpp(72): error C2146: syntax error: missing ';' before identifier 'make'
d:\project_work\csf_library\csf_workspace\css\src\core\base\css_id.cpp(72): error C2143: syntax error: missing ';' before '{'
d:\project_work\csf_library\csf_workspace\css\src\core\base\css_id.cpp(72): error C2447: '{': missing function header (old-style formal list?)
d:\project_work\csf_library\csf_workspace\css\src\core\base\css_id.cpp(84): error C2039: 'make': is not a member of 'css::core::css_id'
  d:\project_work\csf_library\csf_workspace\css\include\core\base\css_id.hpp(35): note: see declaration of 'css::core::css_id'
d:\project_work\csf_library\csf_workspace\css\src\core\base\css_id.cpp(84): error C4430: missing type specifier - int assumed. Note: C++ does not support default-int
d:\project_work\csf_library\csf_workspace\css\src\core\base\css_id.cpp(84): error C2086: 'int csf_bool': redefinition
  d:\project_work\csf_library\csf_workspace\css\src\core\base\css_id.cpp(48): note: see declaration of 'csf_bool'
d:\project_work\csf_library\csf_workspace\css\src\core\base\css_id.cpp(84): error C2146: syntax error: missing ';' before identifier 'make'
d:\project_work\csf_library\csf_workspace\css\src\core\base\css_id.cpp(84): error C2143: syntax error: missing ';' before '{'
d:\project_work\csf_library\csf_workspace\css\src\core\base\css_id.cpp(84): error C2447: '{': missing function header (old-style formal list?)
d:\project_work\csf_library\csf_workspace\css\src\core\base\css_id.cpp(95): error C2039: 'make': is not a member of 'css::core::css_id'
  d:\project_work\csf_library\csf_workspace\css\include\core\base\css_id.hpp(35): note: see declaration of 'css::core::css_id'
d:\project_work\csf_library\csf_workspace\css\src\core\base\css_id.cpp(95): error C4430: missing type specifier - int assumed. Note: C++ does not support default-int
d:\project_work\csf_library\csf_workspace\css\src\core\base\css_id.cpp(95): error C2086: 'int csf_bool': redefinition
  d:\project_work\csf_library\csf_workspace\css\src\core\base\css_id.cpp(48): note: see declaration of 'csf_bool'
d:\project_work\csf_library\csf_workspace\css\src\core\base\css_id.cpp(95): error C2146: syntax error: missing ';' before identifier 'make'
d:\project_work\csf_library\csf_workspace\css\src\core\base\css_id.cpp(95): error C2143: syntax error: missing ';' before '{'
d:\project_work\csf_library\csf_workspace\css\src\core\base\css_id.cpp(95): error C2447: '{': missing function header (old-style formal list?)
d:\project_work\csf_library\csf_workspace\css\src\core\base\css_id.cpp(107): error C4430: missing type specifier - int assumed. Note: C++ does not support default-int
d:\project_work\csf_library\csf_workspace\css\src\core\base\css_id.cpp(107): error C2143: syntax error: missing ',' before '*'
d:\project_work\csf_library\csf_workspace\css\src\core\base\css_id.cpp(109): error C2065: 'csf_nullptr': undeclared identifier
d:\project_work\csf_library\csf_workspace\css\src\core\base\css_id.cpp(119): error C4430: missing type specifier - int assumed. Note: C++ does not support default-int
d:\project_work\csf_library\csf_workspace\css\src\core\base\css_id.cpp(119): error C2143: syntax error: missing ',' before '&'
d:\project_work\csf_library\csf_workspace\css\src\core\base\css_id.cpp(119): error C2084: function 'css::core::css_id &css::core::css_id::operator =(const int)' already has a body
  d:\project_work\csf_library\csf_workspace\css\src\core\base\css_id.cpp(107): note: see previous definition of '='
d:\project_work\csf_library\csf_workspace\css\src\core\base\css_id.cpp(121): error C2065: 'csf_nullptr': undeclared identifier
  css_host.cpp
d:\project_work\csf_library\csf_workspace\css\include\core\base\css_id.hpp(44): error C3646: 'get_value': unknown override specifier
d:\project_work\csf_library\csf_workspace\css\include\core\base\css_id.hpp(44): error C2059: syntax error: ')'
d:\project_work\csf_library\csf_workspace\css\include\core\base\css_id.hpp(44): error C2334: unexpected token(s) preceding '{'; skipping apparent function body
d:\project_work\csf_library\csf_workspace\css\include\core\base\css_id.hpp(53): error C3646: 'set_value': unknown override specifier
d:\project_work\csf_library\csf_workspace\css\include\core\base\css_id.hpp(53): error C2059: syntax error: 'const'
d:\project_work\csf_library\csf_workspace\css\include\core\base\css_id.hpp(53): error C2334: unexpected token(s) preceding '{'; skipping apparent function body
d:\project_work\csf_library\csf_workspace\css\include\core\base\css_id.hpp(60): error C3646: 'get_guid': unknown override specifier
d:\project_work\csf_library\csf_workspace\css\include\core\base\css_id.hpp(60): error C2059: syntax error: ')'
d:\project_work\csf_library\csf_workspace\css\include\core\base\css_id.hpp(60): error C2334: unexpected token(s) preceding '{'; skipping apparent function body
d:\project_work\csf_library\csf_workspace\css\include\core\base\css_id.hpp(69): error C3646: 'set_guid': unknown override specifier
d:\project_work\csf_library\csf_workspace\css\include\core\base\css_id.hpp(69): error C2059: syntax error: 'const'
d:\project_work\csf_library\csf_workspace\css\include\core\base\css_id.hpp(69): error C2334: unexpected token(s) preceding '{'; skipping apparent function body
d:\project_work\csf_library\csf_workspace\css\include\core\base\css_id.hpp(79): error C3646: 'parse': unknown override specifier
d:\project_work\csf_library\csf_workspace\css\include\core\base\css_id.hpp(79): error C2059: syntax error: '('
d:\project_work\csf_library\csf_workspace\css\include\core\base\css_id.hpp(79): error C2238: unexpected token(s) preceding ';'
d:\project_work\csf_library\csf_workspace\css\include\core\base\css_id.hpp(86): error C3646: 'parse': unknown override specifier
d:\project_work\csf_library\csf_workspace\css\include\core\base\css_id.hpp(86): error C2059: syntax error: '('
d:\project_work\csf_library\csf_workspace\css\include\core\base\css_id.hpp(86): error C2238: unexpected token(s) preceding ';'
d:\project_work\csf_library\csf_workspace\css\include\core\base\css_id.hpp(93): error C3646: 'make': unknown override specifier
d:\project_work\csf_library\csf_workspace\css\include\core\base\css_id.hpp(93): error C2059: syntax error: '('
d:\project_work\csf_library\csf_workspace\css\include\core\base\css_id.hpp(93): error C2238: unexpected token(s) preceding ';'
d:\project_work\csf_library\csf_workspace\css\include\core\base\css_id.hpp(100): error C3646: 'make': unknown override specifier
d:\project_work\csf_library\csf_workspace\css\include\core\base\css_id.hpp(100): error C2059: syntax error: '('
d:\project_work\csf_library\csf_workspace\css\include\core\base\css_id.hpp(100): error C2238: unexpected token(s) preceding ';'
d:\project_work\csf_library\csf_workspace\css\include\core\base\css_id.hpp(106): error C3646: 'make': unknown override specifier
d:\project_work\csf_library\csf_workspace\css\include\core\base\css_id.hpp(106): error C2059: syntax error: '('
d:\project_work\csf_library\csf_workspace\css\include\core\base\css_id.hpp(106): error C2238: unexpected token(s) preceding ';'
d:\project_work\csf_library\csf_workspace\css\include\core\base\css_id.hpp(110): error C2143: syntax error: missing ';' before '<'
d:\project_work\csf_library\csf_workspace\css\include\core\base\css_id.hpp(110): error C2433: 'css::core::css_id::csf_vertor': 'inline' not permitted on data declarations
d:\project_work\csf_library\csf_workspace\css\include\core\base\css_id.hpp(110): error C4430: missing type specifier - int assumed. Note: C++ does not support default-int
d:\project_work\csf_library\csf_workspace\css\include\core\base\css_id.hpp(110): error C2334: unexpected token(s) preceding '{'; skipping apparent function body
d:\project_work\csf_library\csf_workspace\css\include\core\base\css_id.hpp(119): error C4430: missing type specifier - int assumed. Note: C++ does not support default-int
d:\project_work\csf_library\csf_workspace\css\include\core\base\css_id.hpp(119): error C2143: syntax error: missing ',' before '<'
d:\project_work\csf_library\csf_workspace\css\include\core\base\css_id.hpp(128): error C3646: 'get_parameter': unknown override specifier
d:\project_work\csf_library\csf_workspace\css\include\core\base\css_id.hpp(128): error C2059: syntax error: 'const'
d:\project_work\csf_library\csf_workspace\css\include\core\base\css_id.hpp(128): error C2334: unexpected token(s) preceding '{'; skipping apparent function body
d:\project_work\csf_library\csf_workspace\css\include\core\base\css_id.hpp(138): error C4430: missing type specifier - int assumed. Note: C++ does not support default-int
d:\project_work\csf_library\csf_workspace\css\include\core\base\css_id.hpp(138): error C2143: syntax error: missing ',' before '*'
d:\project_work\csf_library\csf_workspace\css\include\core\base\css_id.hpp(145): error C4430: missing type specifier - int assumed. Note: C++ does not support default-int
d:\project_work\csf_library\csf_workspace\css\include\core\base\css_id.hpp(145): error C2143: syntax error: missing ',' before '&'
d:\project_work\csf_library\csf_workspace\css\include\core\base\css_id.hpp(145): error C2535: 'css::core::css_id &css::core::css_id::operator =(const int)': member function already defined or declared
  d:\project_work\csf_library\csf_workspace\css\include\core\base\css_id.hpp(138): note: see declaration of 'css::core::css_id::operator ='
d:\project_work\csf_library\csf_workspace\css\include\core\base\css_id.hpp(151): error C3646: 'm_value': unknown override specifier
d:\project_work\csf_library\csf_workspace\css\include\core\base\css_id.hpp(151): error C2059: syntax error: '='
d:\project_work\csf_library\csf_workspace\css\include\core\base\css_id.hpp(151): error C2238: unexpected token(s) preceding ';'
d:\project_work\csf_library\csf_workspace\css\include\core\base\css_id.hpp(155): error C3646: 'm_guid': unknown override specifier
d:\project_work\csf_library\csf_workspace\css\include\core\base\css_id.hpp(155): error C2059: syntax error: '='
d:\project_work\csf_library\csf_workspace\css\include\core\base\css_id.hpp(155): error C2238: unexpected token(s) preceding ';'
d:\project_work\csf_library\csf_workspace\css\include\core\base\css_id.hpp(159): error C2143: syntax error: missing ';' before '<'
d:\project_work\csf_library\csf_workspace\css\include\core\base\css_id.hpp(159): error C4430: missing type specifier - int assumed. Note: C++ does not support default-int
d:\project_work\csf_library\csf_workspace\css\include\core\base\css_id.hpp(159): error C2238: unexpected token(s) preceding ';'
d:\project_work\csf_library\csf_workspace\css\include\core\base\css_id.hpp(121): error C2065: 'm_parameters': undeclared identifier
d:\project_work\csf_library\csf_workspace\css\include\core\base\css_id.hpp(121): error C2065: 'newVal': undeclared identifier
d:\project_work\csf_library\csf_workspace\css\include\core\base\css_information.hpp(44): error C3646: 'get_limit_disk': unknown override specifier
d:\project_work\csf_library\csf_workspace\css\include\core\base\css_information.hpp(44): error C2059: syntax error: ')'
d:\project_work\csf_library\csf_workspace\css\include\core\base\css_information.hpp(44): error C2334: unexpected token(s) preceding '{'; skipping apparent function body
d:\project_work\csf_library\csf_workspace\css\include\core\base\css_information.hpp(53): error C4430: missing type specifier - int assumed. Note: C++ does not support default-int
d:\project_work\csf_library\csf_workspace\css\include\core\base\css_information.hpp(53): error C2146: syntax error: missing ')' before identifier 'newVal'
d:\project_work\csf_library\csf_workspace\css\include\core\base\css_information.hpp(53): error C3646: 'newVal': unknown override specifier
d:\project_work\csf_library\csf_workspace\css\include\core\base\css_information.hpp(53): error C2059: syntax error: ')'
d:\project_work\csf_library\csf_workspace\css\include\core\base\css_information.hpp(60): error C3646: 'get_limit_memory': unknown override specifier
d:\project_work\csf_library\csf_workspace\css\include\core\base\css_information.hpp(60): error C2059: syntax error: ')'
d:\project_work\csf_library\csf_workspace\css\include\core\base\css_information.hpp(60): error C2334: unexpected token(s) preceding '{'; skipping apparent function body
d:\project_work\csf_library\csf_workspace\css\include\core\base\css_information.hpp(69): error C4430: missing type specifier - int assumed. Note: C++ does not support default-int
d:\project_work\csf_library\csf_workspace\css\include\core\base\css_information.hpp(69): error C2146: syntax error: missing ')' before identifier 'newVal'
d:\project_work\csf_library\csf_workspace\css\include\core\base\css_information.hpp(69): error C3646: 'newVal': unknown override specifier
d:\project_work\csf_library\csf_workspace\css\include\core\base\css_information.hpp(69): error C2059: syntax error: ')'
d:\project_work\csf_library\csf_workspace\css\include\core\base\css_information.hpp(76): error C3646: 'get_limit_cpu': unknown override specifier
d:\project_work\csf_library\csf_workspace\css\include\core\base\css_information.hpp(76): error C2059: syntax error: ')'
d:\project_work\csf_library\csf_workspace\css\include\core\base\css_information.hpp(76): error C2334: unexpected token(s) preceding '{'; skipping apparent function body
d:\project_work\csf_library\csf_workspace\css\include\core\base\css_information.hpp(85): error C4430: missing type specifier - int assumed. Note: C++ does not support default-int
d:\project_work\csf_library\csf_workspace\css\include\core\base\css_information.hpp(85): error C2146: syntax error: missing ')' before identifier 'newVal'
d:\project_work\csf_library\csf_workspace\css\include\core\base\css_information.hpp(85): error C3646: 'newVal': unknown override specifier
d:\project_work\csf_library\csf_workspace\css\include\core\base\css_information.hpp(85): error C2059: syntax error: ')'
d:\project_work\csf_library\csf_workspace\css\include\core\base\css_information.hpp(92): error C3646: 'get_limit_bandwidth': unknown override specifier
d:\project_work\csf_library\csf_workspace\css\include\core\base\css_information.hpp(92): error C2059: syntax error: ')'
d:\project_work\csf_library\csf_workspace\css\include\core\base\css_information.hpp(92): error C2334: unexpected token(s) preceding '{'; skipping apparent function body
d:\project_work\csf_library\csf_workspace\css\include\core\base\css_information.hpp(101): error C4430: missing type specifier - int assumed. Note: C++ does not support default-int
d:\project_work\csf_library\csf_workspace\css\include\core\base\css_information.hpp(101): error C2146: syntax error: missing ')' before identifier 'newVal'
d:\project_work\csf_library\csf_workspace\css\include\core\base\css_information.hpp(101): error C3646: 'newVal': unknown override specifier
d:\project_work\csf_library\csf_workspace\css\include\core\base\css_information.hpp(101): error C2059: syntax error: ')'
d:\project_work\csf_library\csf_workspace\css\include\core\base\css_information.hpp(108): error C3646: 'get_limit_connect': unknown override specifier
d:\project_work\csf_library\csf_workspace\css\include\core\base\css_information.hpp(108): error C2059: syntax error: ')'
d:\project_work\csf_library\csf_workspace\css\include\core\base\css_information.hpp(108): error C2334: unexpected token(s) preceding '{'; skipping apparent function body
d:\project_work\csf_library\csf_workspace\css\include\core\base\css_information.hpp(117): error C4430: missing type specifier - int assumed. Note: C++ does not support default-int
d:\project_work\csf_library\csf_workspace\css\include\core\base\css_information.hpp(117): error C2146: syntax error: missing ')' before identifier 'newVal'
d:\project_work\csf_library\csf_workspace\css\include\core\base\css_information.hpp(117): error C3646: 'newVal': unknown override specifier
d:\project_work\csf_library\csf_workspace\css\include\core\base\css_information.hpp(117): error C2059: syntax error: ')'
d:\project_work\csf_library\csf_workspace\css\include\core\base\css_information.hpp(124): error C3646: 'get_current_disk': unknown override specifier
d:\project_work\csf_library\csf_workspace\css\include\core\base\css_information.hpp(124): error C2059: syntax error: ')'
d:\project_work\csf_library\csf_workspace\css\include\core\base\css_information.hpp(124): error C2334: unexpected token(s) preceding '{'; skipping apparent function body
d:\project_work\csf_library\csf_workspace\css\include\core\base\css_information.hpp(133): error C4430: missing type specifier - int assumed. Note: C++ does not support default-int
d:\project_work\csf_library\csf_workspace\css\include\core\base\css_information.hpp(133): error C2146: syntax error: missing ')' before identifier 'newVal'
d:\project_work\csf_library\csf_workspace\css\include\core\base\css_information.hpp(133): error C3646: 'newVal': unknown override specifier
d:\project_work\csf_library\csf_workspace\css\include\core\base\css_information.hpp(133): error C2059: syntax error: ')'
d:\project_work\csf_library\csf_workspace\css\include\core\base\css_information.hpp(137): error C3646: 'get_current_memory': unknown override specifier
d:\project_work\csf_library\csf_workspace\css\include\core\base\css_information.hpp(137): error C2059: syntax error: ')'
d:\project_work\csf_library\csf_workspace\css\include\core\base\css_information.hpp(137): error C2334: unexpected token(s) preceding '{'; skipping apparent function body
d:\project_work\csf_library\csf_workspace\css\include\core\base\css_information.hpp(145): error C4430: missing type specifier - int assumed. Note: C++ does not support default-int
d:\project_work\csf_library\csf_workspace\css\include\core\base\css_information.hpp(145): error C2146: syntax error: missing ')' before identifier 'newVal'
d:\project_work\csf_library\csf_workspace\css\include\core\base\css_information.hpp(145): error C3646: 'newVal': unknown override specifier
d:\project_work\csf_library\csf_workspace\css\include\core\base\css_information.hpp(145): error C2059: syntax error: ')'
d:\project_work\csf_library\csf_workspace\css\include\core\base\css_information.hpp(152): error C3646: 'get_current_cpu': unknown override specifier
d:\project_work\csf_library\csf_workspace\css\include\core\base\css_information.hpp(152): error C2059: syntax error: ')'
d:\project_work\csf_library\csf_workspace\css\include\core\base\css_information.hpp(152): error C2334: unexpected token(s) preceding '{'; skipping apparent function body
d:\project_work\csf_library\csf_workspace\css\include\core\base\css_information.hpp(161): error C4430: missing type specifier - int assumed. Note: C++ does not support default-int
d:\project_work\csf_library\csf_workspace\css\include\core\base\css_information.hpp(161): error C2146: syntax error: missing ')' before identifier 'newVal'
d:\project_work\csf_library\csf_workspace\css\include\core\base\css_information.hpp(161): error C3646: 'newVal': unknown override specifier
d:\project_work\csf_library\csf_workspace\css\include\core\base\css_information.hpp(161): error C2059: syntax error: ')'
d:\project_work\csf_library\csf_workspace\css\include\core\base\css_information.hpp(168): error C3646: 'get_current_bandwidth': unknown override specifier
d:\project_work\csf_library\csf_workspace\css\include\core\base\css_information.hpp(168): error C2059: syntax error: ')'
d:\project_work\csf_library\csf_workspace\css\include\core\base\css_information.hpp(168): error C2334: unexpected token(s) preceding '{'; skipping apparent function body
d:\project_work\csf_library\csf_workspace\css\include\core\base\css_information.hpp(177): error C4430: missing type specifier - int assumed. Note: C++ does not support default-int
d:\project_work\csf_library\csf_workspace\css\include\core\base\css_information.hpp(177): error C2146: syntax error: missing ')' before identifier 'newVal'
d:\project_work\csf_library\csf_workspace\css\include\core\base\css_information.hpp(177): error C3646: 'newVal': unknown override specifier
d:\project_work\csf_library\csf_workspace\css\include\core\base\css_information.hpp(177): error C2059: syntax error: ')'
d:\project_work\csf_library\csf_workspace\css\include\core\base\css_information.hpp(177): fatal error C1003: error count exceeds 100; stopping compilation
  css_exception.cpp
d:\project_work\csf_library\csf_workspace\css\include\core\base\css_exception.hpp(93): error C3646: 'get_channel_id': unknown override specifier
d:\project_work\csf_library\csf_workspace\css\include\core\base\css_exception.hpp(93): error C2059: syntax error: ')'
d:\project_work\csf_library\csf_workspace\css\include\core\base\css_exception.hpp(93): error C2334: unexpected token(s) preceding '{'; skipping apparent function body
d:\project_work\csf_library\csf_workspace\css\include\core\base\css_exception.hpp(102): error C4430: missing type specifier - int assumed. Note: C++ does not support default-int
d:\project_work\csf_library\csf_workspace\css\include\core\base\css_exception.hpp(102): error C2146: syntax error: missing ')' before identifier 'newVal'
d:\project_work\csf_library\csf_workspace\css\include\core\base\css_exception.hpp(102): error C3646: 'newVal': unknown override specifier
d:\project_work\csf_library\csf_workspace\css\include\core\base\css_exception.hpp(102): error C2059: syntax error: ')'
d:\project_work\csf_library\csf_workspace\css\include\core\base\css_exception.hpp(141): error C2143: syntax error: missing ';' before '&'
d:\project_work\csf_library\csf_workspace\css\include\core\base\css_exception.hpp(141): error C2433: 'css::core::css_exception::csf_string': 'inline' not permitted on data declarations
d:\project_work\csf_library\csf_workspace\css\include\core\base\css_exception.hpp(141): error C4430: missing type specifier - int assumed. Note: C++ does not support default-int
d:\project_work\csf_library\csf_workspace\css\include\core\base\css_exception.hpp(141): error C2334: unexpected token(s) preceding '{'; skipping apparent function body
d:\project_work\csf_library\csf_workspace\css\include\core\base\css_exception.hpp(150): error C4430: missing type specifier - int assumed. Note: C++ does not support default-int
d:\project_work\csf_library\csf_workspace\css\include\core\base\css_exception.hpp(150): error C2143: syntax error: missing ',' before '*'
d:\project_work\csf_library\csf_workspace\css\include\core\base\css_exception.hpp(157): error C2143: syntax error: missing ';' before '&'
d:\project_work\csf_library\csf_workspace\css\include\core\base\css_exception.hpp(157): error C2433: 'css::core::css_exception::csf_string': 'inline' not permitted on data declarations
d:\project_work\csf_library\csf_workspace\css\include\core\base\css_exception.hpp(157): error C4430: missing type specifier - int assumed. Note: C++ does not support default-int
d:\project_work\csf_library\csf_workspace\css\include\core\base\css_exception.hpp(157): error C2334: unexpected token(s) preceding '{'; skipping apparent function body
d:\project_work\csf_library\csf_workspace\css\include\core\base\css_exception.hpp(166): error C4430: missing type specifier - int assumed. Note: C++ does not support default-int
d:\project_work\csf_library\csf_workspace\css\include\core\base\css_exception.hpp(166): error C2143: syntax error: missing ',' before '&'
d:\project_work\csf_library\csf_workspace\css\include\core\base\css_exception.hpp(173): error C2143: syntax error: missing ';' before '&'
d:\project_work\csf_library\csf_workspace\css\include\core\base\css_exception.hpp(173): error C2433: 'css::core::css_exception::csf_string': 'inline' not permitted on data declarations
d:\project_work\csf_library\csf_workspace\css\include\core\base\css_exception.hpp(173): error C4430: missing type specifier - int assumed. Note: C++ does not support default-int
d:\project_work\csf_library\csf_workspace\css\include\core\base\css_exception.hpp(173): error C2334: unexpected token(s) preceding '{'; skipping apparent function body
d:\project_work\csf_library\csf_workspace\css\include\core\base\css_exception.hpp(182): error C4430: missing type specifier - int assumed. Note: C++ does not support default-int
d:\project_work\csf_library\csf_workspace\css\include\core\base\css_exception.hpp(182): error C2143: syntax error: missing ',' before '*'
d:\project_work\csf_library\csf_workspace\css\include\core\base\css_exception.hpp(189): error C2143: syntax error: missing ';' before '&'
d:\project_work\csf_library\csf_workspace\css\include\core\base\css_exception.hpp(189): error C2433: 'css::core::css_exception::csf_string': 'inline' not permitted on data declarations
d:\project_work\csf_library\csf_workspace\css\include\core\base\css_exception.hpp(189): error C4430: missing type specifier - int assumed. Note: C++ does not support default-int
d:\project_work\csf_library\csf_workspace\css\include\core\base\css_exception.hpp(189): error C2334: unexpected token(s) preceding '{'; skipping apparent function body
d:\project_work\csf_library\csf_workspace\css\include\core\base\css_exception.hpp(198): error C2061: syntax error: identifier 'csf_string'
d:\project_work\csf_library\csf_workspace\css\include\core\base\css_exception.hpp(207): error C2061: syntax error: identifier 'csf_char'
d:\project_work\csf_library\csf_workspace\css\include\core\base\css_exception.hpp(207): error C2535: 'void css::core::css_exception::set_session(void)': member function already defined or declared
  d:\project_work\csf_library\csf_workspace\css\include\core\base\css_exception.hpp(198): note: see declaration of 'css::core::css_exception::set_session'
d:\project_work\csf_library\csf_workspace\css\include\core\base\css_exception.hpp(216): error C4430: missing type specifier - int assumed. Note: C++ does not support default-int
d:\project_work\csf_library\csf_workspace\css\include\core\base\css_exception.hpp(216): error C2143: syntax error: missing ',' before '*'
d:\project_work\csf_library\csf_workspace\css\include\core\base\css_exception.hpp(216): error C2535: 'void css::core::css_exception::set_play_session(const int)': member function already defined or declared
  d:\project_work\csf_library\csf_workspace\css\include\core\base\css_exception.hpp(166): note: see declaration of 'css::core::css_exception::set_play_session'
d:\project_work\csf_library\csf_workspace\css\include\core\base\css_exception.hpp(225): error C4430: missing type specifier - int assumed. Note: C++ does not support default-int
d:\project_work\csf_library\csf_workspace\css\include\core\base\css_exception.hpp(225): error C2143: syntax error: missing ',' before '&'
d:\project_work\csf_library\csf_workspace\css\include\core\base\css_exception.hpp(225): error C2535: 'void css::core::css_exception::set_media_id(const int)': member function already defined or declared
  d:\project_work\csf_library\csf_workspace\css\include\core\base\css_exception.hpp(182): note: see declaration of 'css::core::css_exception::set_media_id'
d:\project_work\csf_library\csf_workspace\css\include\core\base\css_exception.hpp(234): error C4430: missing type specifier - int assumed. Note: C++ does not support default-int
d:\project_work\csf_library\csf_workspace\css\include\core\base\css_exception.hpp(234): error C2143: syntax error: missing ',' before '&'
d:\project_work\csf_library\csf_workspace\css\include\core\base\css_exception.hpp(234): error C2535: 'void css::core::css_exception::set_description(const int)': member function already defined or declared
  d:\project_work\csf_library\csf_workspace\css\include\core\base\css_exception.hpp(150): note: see declaration of 'css::core::css_exception::set_description'
d:\project_work\csf_library\csf_workspace\css\include\core\base\css_exception.hpp(251): error C3646: 'm_channel_id': unknown override specifier
d:\project_work\csf_library\csf_workspace\css\include\core\base\css_exception.hpp(251): error C2059: syntax error: '='
d:\project_work\csf_library\csf_workspace\css\include\core\base\css_exception.hpp(251): error C2238: unexpected token(s) preceding ';'
d:\project_work\csf_library\csf_workspace\css\include\core\base\css_exception.hpp(263): error C3646: 'm_description': unknown override specifier
d:\project_work\csf_library\csf_workspace\css\include\core\base\css_exception.hpp(263): error C2059: syntax error: '='
d:\project_work\csf_library\csf_workspace\css\include\core\base\css_exception.hpp(263): error C2238: unexpected token(s) preceding ';'
d:\project_work\csf_library\csf_workspace\css\include\core\base\css_exception.hpp(267): error C3646: 'm_play_session': unknown override specifier
d:\project_work\csf_library\csf_workspace\css\include\core\base\css_exception.hpp(267): error C2059: syntax error: '='
d:\project_work\csf_library\csf_workspace\css\include\core\base\css_exception.hpp(267): error C2238: unexpected token(s) preceding ';'
d:\project_work\csf_library\csf_workspace\css\include\core\base\css_exception.hpp(271): error C3646: 'm_media_id': unknown override specifier
d:\project_work\csf_library\csf_workspace\css\include\core\base\css_exception.hpp(271): error C2059: syntax error: '='
d:\project_work\csf_library\csf_workspace\css\include\core\base\css_exception.hpp(271): error C2238: unexpected token(s) preceding ';'
d:\project_work\csf_library\csf_workspace\css\include\core\base\css_exception.hpp(275): error C3646: 'm_session': unknown override specifier
d:\project_work\csf_library\csf_workspace\css\include\core\base\css_exception.hpp(275): error C2059: syntax error: '='
d:\project_work\csf_library\csf_workspace\css\include\core\base\css_exception.hpp(275): error C2238: unexpected token(s) preceding ';'
d:\project_work\csf_library\csf_workspace\css\include\core\base\css_exception.hpp(104): error C2065: 'm_channel_id': undeclared identifier
d:\project_work\csf_library\csf_workspace\css\include\core\base\css_exception.hpp(104): error C2065: 'newVal': undeclared identifier
d:\project_work\csf_library\csf_workspace\css\include\core\base\css_exception.hpp(152): error C2065: 'm_description': undeclared identifier
d:\project_work\csf_library\csf_workspace\css\include\core\base\css_exception.hpp(152): error C2065: 'newVal': undeclared identifier
d:\project_work\csf_library\csf_workspace\css\include\core\base\css_exception.hpp(168): error C2065: 'm_play_session': undeclared identifier
d:\project_work\csf_library\csf_workspace\css\include\core\base\css_exception.hpp(168): error C2065: 'newVal': undeclared identifier
d:\project_work\csf_library\csf_workspace\css\include\core\base\css_exception.hpp(184): error C2065: 'm_media_id': undeclared identifier
d:\project_work\csf_library\csf_workspace\css\include\core\base\css_exception.hpp(184): error C2065: 'newVal': undeclared identifier
d:\project_work\csf_library\csf_workspace\css\include\core\base\css_exception.hpp(200): error C2065: 'm_session': undeclared identifier
d:\project_work\csf_library\csf_workspace\css\include\core\base\css_exception.hpp(200): error C2065: 'newVal': undeclared identifier
d:\project_work\csf_library\csf_workspace\css\include\core\base\css_exception.hpp(209): error C2065: 'm_session': undeclared identifier
d:\project_work\csf_library\csf_workspace\css\include\core\base\css_exception.hpp(209): error C2065: 'newVal': undeclared identifier
d:\project_work\csf_library\csf_workspace\css\include\core\base\css_exception.hpp(218): error C2065: 'm_play_session': undeclared identifier
d:\project_work\csf_library\csf_workspace\css\include\core\base\css_exception.hpp(218): error C2065: 'newVal': undeclared identifier
d:\project_work\csf_library\csf_workspace\css\include\core\base\css_exception.hpp(227): error C2065: 'm_media_id': undeclared identifier
d:\project_work\csf_library\csf_workspace\css\include\core\base\css_exception.hpp(227): error C2065: 'newVal': undeclared identifier
d:\project_work\csf_library\csf_workspace\css\include\core\base\css_exception.hpp(236): error C2065: 'm_description': undeclared identifier
d:\project_work\csf_library\csf_workspace\css\include\core\base\css_exception.hpp(236): error C2065: 'newVal': undeclared identifier
d:\project_work\csf_library\csf_workspace\css\src\core\base\css_exception.cpp(27): error C2065: 'css_status_none': undeclared identifier
d:\project_work\csf_library\csf_workspace\css\src\core\base\css_exception.cpp(28): error C2065: 'css_status_none': undeclared identifier
d:\project_work\csf_library\csf_workspace\css\src\core\base\css_exception.cpp(35): error C2664: 'csf::core::base::csf_time::csf_time(const csf::core::base::csf_time &)': cannot convert argument 1 from 'int' to 'const csf::core::base::csf_time &'
  d:\project_work\csf_library\csf_workspace\css\src\core\base\css_exception.cpp(35): note: Reason: cannot convert from 'int' to 'const csf::core::base::csf_time'
  d:\project_work\csf_library\csf_workspace\css\src\core\base\css_exception.cpp(35): note: No constructor could take the source type, or constructor overload resolution was ambiguous
d:\project_work\csf_library\csf_workspace\css\src\core\base\css_exception.cpp(35): error C2614: 'css::core::css_exception': illegal member initialization: 'm_channel_id' is not a base or member
d:\project_work\csf_library\csf_workspace\css\src\core\base\css_exception.cpp(35): error C2614: 'css::core::css_exception': illegal member initialization: 'm_description' is not a base or member
d:\project_work\csf_library\csf_workspace\css\src\core\base\css_exception.cpp(35): error C2614: 'css::core::css_exception': illegal member initialization: 'm_play_session' is not a base or member
d:\project_work\csf_library\csf_workspace\css\src\core\base\css_exception.cpp(35): error C2614: 'css::core::css_exception': illegal member initialization: 'm_media_id' is not a base or member
d:\project_work\csf_library\csf_workspace\css\src\core\base\css_exception.cpp(35): error C2614: 'css::core::css_exception': illegal member initialization: 'm_session' is not a base or member
  Generating Code...
  Compiling...
  css_request.cpp
  Generating Code...
  Skipping... (no relevant changes detected)
  css_semh_request.cpp
